[    0.000000] Initializing cgroup subsys cpuset
[    0.000000] Initializing cgroup subsys cpu
[    0.000000] Initializing cgroup subsys cpuacct
[    0.000000] Linux version 4.4.0-210-generic (buildd@lgw01-amd64-009) (gcc version 5.4.0 20160609 (Ubuntu 5.4.0-6ubuntu1~16.04.12) ) #242-Ubuntu SMP Fri Apr 16 09:57:56 UTC 2021 (Ubuntu 4.4.0-210.242-generic 4.4.262)
[    0.000000] Command line: BOOT_IMAGE=/boot/vmlinuz-4.4.0-210-generic root=LABEL=cloudimg-rootfs ro console=tty1 console=ttyS0
[    0.000000] KERNEL supported cpus:
[    0.000000]   Intel GenuineIntel
[    0.000000]   AMD AuthenticAMD
[    0.000000]   Centaur CentaurHauls
[    0.000000] x86/fpu: xstate_offset[2]:  576, xstate_sizes[2]:  256
[    0.000000] x86/fpu: Supporting XSAVE feature 0x01: 'x87 floating point registers'
[    0.000000] x86/fpu: Supporting XSAVE feature 0x02: 'SSE registers'
[    0.000000] x86/fpu: Supporting XSAVE feature 0x04: 'AVX registers'
[    0.000000] x86/fpu: Enabled xstate features 0x7, context size is 832 bytes, using 'standard' format.
[    0.000000] e820: BIOS-provided physical RAM map:
[    0.000000] BIOS-e820: [mem 0x0000000000000000-0x000000000009fbff] usable
[    0.000000] BIOS-e820: [mem 0x000000000009fc00-0x000000000009ffff] reserved
[    0.000000] BIOS-e820: [mem 0x00000000000f0000-0x00000000000fffff] reserved
[    0.000000] BIOS-e820: [mem 0x0000000000100000-0x000000003ffeffff] usable
[    0.000000] BIOS-e820: [mem 0x000000003fff0000-0x000000003fffffff] ACPI data
[    0.000000] BIOS-e820: [mem 0x00000000fec00000-0x00000000fec00fff] reserved
[    0.000000] BIOS-e820: [mem 0x00000000fee00000-0x00000000fee00fff] reserved
[    0.000000] BIOS-e820: [mem 0x00000000fffc0000-0x00000000ffffffff] reserved
[    0.000000] NX (Execute Disable) protection: active
[    0.000000] SMBIOS 2.5 present.
[    0.000000] Hypervisor detected: KVM
[    0.000000] e820: last_pfn = 0x3fff0 max_arch_pfn = 0x400000000
[    0.000000] MTRR: Disabled
[    0.000000] x86/PAT: MTRRs disabled, skipping PAT initialization too.
[    0.000000] CPU MTRRs all blank - virtualized system.
[    0.000000] x86/PAT: Configuration [0-7]: WB  WT  UC- UC  WB  WT  UC- UC  
[    0.000000] found SMP MP-table at [mem 0x0009fff0-0x0009ffff] mapped at [ffff88000009fff0]
[    0.000000] Scanning 1 areas for low memory corruption
[    0.000000] RAMDISK: [mem 0x362dc000-0x37165fff]
[    0.000000] ACPI: Early table checksum verification disabled
[    0.000000] ACPI: RSDP 0x00000000000E0000 000024 (v02 VBOX  )
[    0.000000] ACPI: XSDT 0x000000003FFF0030 00003C (v01 VBOX   VBOXXSDT 00000001 ASL  00000061)
[    0.000000] ACPI: FACP 0x000000003FFF00F0 0000F4 (v04 VBOX   VBOXFACP 00000001 ASL  00000061)
[    0.000000] ACPI: DSDT 0x000000003FFF0470 002325 (v02 VBOX   VBOXBIOS 00000002 INTL 20200925)
[    0.000000] ACPI: FACS 0x000000003FFF0200 000040
[    0.000000] ACPI: FACS 0x000000003FFF0200 000040
[    0.000000] ACPI: APIC 0x000000003FFF0240 000054 (v02 VBOX   VBOXAPIC 00000001 ASL  00000061)
[    0.000000] ACPI: SSDT 0x000000003FFF02A0 0001CC (v01 VBOX   VBOXCPUT 00000002 INTL 20200925)
[    0.000000] No NUMA configuration found
[    0.000000] Faking a node at [mem 0x0000000000000000-0x000000003ffeffff]
[    0.000000] NODE_DATA(0) allocated [mem 0x3ffeb000-0x3ffeffff]
[    0.000000] kvm-clock: Using msrs 4b564d01 and 4b564d00
[    0.000000] kvm-clock: cpu 0, msr 0:3ffe3001, primary cpu clock
[    0.000000] kvm-clock: using sched offset of 3773929585 cycles
[    0.000000] clocksource: kvm-clock: mask: 0xffffffffffffffff max_cycles: 0x1cd42e4dffb, max_idle_ns: 881590591483 ns
[    0.000000] Zone ranges:
[    0.000000]   DMA      [mem 0x0000000000001000-0x0000000000ffffff]
[    0.000000]   DMA32    [mem 0x0000000001000000-0x000000003ffeffff]
[    0.000000]   Normal   empty
[    0.000000]   Device   empty
[    0.000000] Movable zone start for each node
[    0.000000] Early memory node ranges
[    0.000000]   node   0: [mem 0x0000000000001000-0x000000000009efff]
[    0.000000]   node   0: [mem 0x0000000000100000-0x000000003ffeffff]
[    0.000000] Initmem setup node 0 [mem 0x0000000000001000-0x000000003ffeffff]
[    0.000000] ACPI: PM-Timer IO Port: 0x4008
[    0.000000] IOAPIC[0]: apic_id 1, version 32, address 0xfec00000, GSI 0-23
[    0.000000] ACPI: INT_SRC_OVR (bus 0 bus_irq 0 global_irq 2 dfl dfl)
[    0.000000] ACPI: INT_SRC_OVR (bus 0 bus_irq 9 global_irq 9 low level)
[    0.000000] Using ACPI (MADT) for SMP configuration information
[    0.000000] smpboot: Allowing 1 CPUs, 0 hotplug CPUs
[    0.000000] PM: Registered nosave memory: [mem 0x00000000-0x00000fff]
[    0.000000] PM: Registered nosave memory: [mem 0x0009f000-0x0009ffff]
[    0.000000] PM: Registered nosave memory: [mem 0x000a0000-0x000effff]
[    0.000000] PM: Registered nosave memory: [mem 0x000f0000-0x000fffff]
[    0.000000] e820: [mem 0x40000000-0xfebfffff] available for PCI devices
[    0.000000] Booting paravirtualized kernel on KVM
[    0.000000] clocksource: refined-jiffies: mask: 0xffffffff max_cycles: 0xffffffff, max_idle_ns: 7645519600211568 ns
[    0.000000] setup_percpu: NR_CPUS:512 nr_cpumask_bits:512 nr_cpu_ids:1 nr_node_ids:1
[    0.000000] PERCPU: Embedded 33 pages/cpu @ffff88003fc00000 s95192 r8192 d31784 u2097152
[    0.000000] Built 1 zonelists in Node order, mobility grouping on.  Total pages: 257912
[    0.000000] Policy zone: DMA32
[    0.000000] Kernel command line: BOOT_IMAGE=/boot/vmlinuz-4.4.0-210-generic root=LABEL=cloudimg-rootfs ro console=tty1 console=ttyS0
[    0.000000] PID hash table entries: 4096 (order: 3, 32768 bytes)
[    0.000000] Memory: 997924K/1048120K available (8644K kernel code, 1332K rwdata, 4044K rodata, 1492K init, 1164K bss, 50196K reserved, 0K cma-reserved)
[    0.000000] SLUB: HWalign=64, Order=0-3, MinObjects=0, CPUs=1, Nodes=1
[    0.000000] Kernel/User page tables isolation: enabled
[    0.000000] Hierarchical RCU implementation.
[    0.000000] 	Build-time adjustment of leaf fanout to 64.
[    0.000000] 	RCU restricting CPUs from NR_CPUS=512 to nr_cpu_ids=1.
[    0.000000] RCU: Adjusting geometry for rcu_fanout_leaf=64, nr_cpu_ids=1
[    0.000000] NR_IRQS:33024 nr_irqs:256 16
[    0.000000] Console: colour VGA+ 80x25
[    0.000000] console [tty1] enabled
[    0.000000] console [ttyS0] enabled
[    0.000000] tsc: Detected 1696.148 MHz processor
[    0.223158] Calibrating delay loop (skipped) preset value.. 3392.29 BogoMIPS (lpj=6784592)
[    0.226144] pid_max: default: 32768 minimum: 301
[    0.227801] ACPI: Core revision 20150930
[    0.230446] ACPI: 2 ACPI AML tables successfully acquired and loaded
[    0.232777] Security Framework initialized
[    0.234290] Yama: becoming mindful.
[    0.235629] AppArmor: AppArmor initialized
[    0.237184] Dentry cache hash table entries: 131072 (order: 8, 1048576 bytes)
[    0.240620] Inode-cache hash table entries: 65536 (order: 7, 524288 bytes)
[    0.245209] Mount-cache hash table entries: 2048 (order: 2, 16384 bytes)
[    0.247957] Mountpoint-cache hash table entries: 2048 (order: 2, 16384 bytes)
[    0.251150] Initializing cgroup subsys io
[    0.252734] Initializing cgroup subsys memory
[    0.254584] Initializing cgroup subsys devices
[    0.256365] Initializing cgroup subsys freezer
[    0.258186] Initializing cgroup subsys net_cls
[    0.260127] Initializing cgroup subsys perf_event
[    0.262910] Initializing cgroup subsys net_prio
[    0.264911] Initializing cgroup subsys hugetlb
[    0.267327] Initializing cgroup subsys pids
[    0.269375] mce: CPU supports 0 MCE banks
[    0.270781] process: using mwait in idle threads
[    0.272162] Last level iTLB entries: 4KB 512, 2MB 8, 4MB 8
[    0.273838] Last level dTLB entries: 4KB 512, 2MB 32, 4MB 32, 1GB 0
[    0.275807] Spectre V1 : Mitigation: usercopy/swapgs barriers and __user pointer sanitization
[    0.279406] Spectre V2 : Mitigation: Full generic retpoline
[    0.281565] Spectre V2 : Spectre v2 / SpectreRSB mitigation: Filling RSB on context switch
[    0.285381] Speculative Store Bypass: Vulnerable
[    0.287427] SRBDS: Unknown: Dependent on hypervisor status
[    0.289835] MDS: Mitigation: Clear CPU buffers
[    0.335114] Freeing SMP alternatives memory: 36K
[    0.345021] ftrace: allocating 32380 entries in 127 pages
[    0.423094] smpboot: APIC(0) Converting physical 0 to logical package 0
[    0.425536] smpboot: Max logical packages: 1
[    0.427486] x2apic enabled
[    0.428853] Switched APIC routing to physical x2apic.
[    0.432061] ..TIMER: vector=0x30 apic1=0 pin1=2 apic2=-1 pin2=-1
[    0.542263] smpboot: CPU0: Intel(R) Core(TM) i5-3317U CPU @ 1.70GHz (family: 0x6, model: 0x3a, stepping: 0x9)
[    0.545574] Performance Events: unsupported p6 CPU model 58 no PMU driver, software events only.
[    0.563714] KVM setup paravirtual spinlock
[    0.566068] x86: Booted up 1 node, 1 CPUs
[    0.567626] smpboot: Total of 1 processors activated (3392.29 BogoMIPS)
[    0.570240] devtmpfs: initialized
[    0.573613] evm: security.selinux
[    0.576239] evm: security.SMACK64
[    0.577898] evm: security.SMACK64EXEC
[    0.579309] evm: security.SMACK64TRANSMUTE
[    0.580818] evm: security.SMACK64MMAP
[    0.582197] evm: security.ima
[    0.583448] evm: security.capability
[    0.584946] clocksource: jiffies: mask: 0xffffffff max_cycles: 0xffffffff, max_idle_ns: 7645041785100000 ns
[    0.588400] futex hash table entries: 256 (order: 2, 16384 bytes)
[    0.590585] pinctrl core: initialized pinctrl subsystem
[    0.592601] RTC time: 11:21:50, date: 08/24/22
[    0.594383] NET: Registered protocol family 16
[    0.596133] cpuidle: using governor ladder
[    0.597752] cpuidle: using governor menu
[    0.599324] PCCT header not found.
[    0.600827] ACPI: bus type PCI registered
[    0.602412] acpiphp: ACPI Hot Plug PCI Controller Driver version: 0.5
[    0.604899] PCI: Using configuration type 1 for base access
[    0.608968] ACPI: Added _OSI(Module Device)
[    0.610632] ACPI: Added _OSI(Processor Device)
[    0.612225] ACPI: Added _OSI(3.0 _SCP Extensions)
[    0.613703] ACPI: Added _OSI(Processor Aggregator Device)
[    0.616092] ACPI: Executed 1 blocks of module-level executable AML code
[    0.620630] ACPI: Interpreter enabled
[    0.621825] ACPI: (supports S0 S5)
[    0.624318] ACPI: Using IOAPIC for interrupt routing
[    0.626623] PCI: Using host bridge windows from ACPI; if necessary, use "pci=nocrs" and report a bug
[    0.633783] ACPI: PCI Root Bridge [PCI0] (domain 0000 [bus 00-ff])
[    0.635623] acpi PNP0A03:00: _OSC: OS supports [ASPM ClockPM Segments MSI]
[    0.637986] acpi PNP0A03:00: _OSC: not requesting OS control; OS requires [ExtendedConfig ASPM ClockPM MSI]
[    0.640901] acpi PNP0A03:00: fail to add MMCONFIG information, can't access extended PCI configuration space under this bridge.
[    0.645323] PCI host bridge to bus 0000:00
[    0.646918] pci_bus 0000:00: root bus resource [io  0x0000-0x0cf7 window]
[    0.649203] pci_bus 0000:00: root bus resource [io  0x0d00-0xffff window]
[    0.651532] pci_bus 0000:00: root bus resource [mem 0x000a0000-0x000bffff window]
[    0.654284] pci_bus 0000:00: root bus resource [mem 0x40000000-0xfdffffff window]
[    0.657049] pci_bus 0000:00: root bus resource [bus 00-ff]
[    0.661343] pci 0000:00:01.1: legacy IDE quirk: reg 0x10: [io  0x01f0-0x01f7]
[    0.663807] pci 0000:00:01.1: legacy IDE quirk: reg 0x14: [io  0x03f6]
[    0.666064] pci 0000:00:01.1: legacy IDE quirk: reg 0x18: [io  0x0170-0x0177]
[    0.668520] pci 0000:00:01.1: legacy IDE quirk: reg 0x1c: [io  0x0376]
[    0.704651] pci 0000:00:07.0: quirk: [io  0x4000-0x403f] claimed by PIIX4 ACPI
[    0.708363] pci 0000:00:07.0: quirk: [io  0x4100-0x410f] claimed by PIIX4 SMB
[    0.727928] ACPI: PCI Interrupt Link [LNKA] (IRQs 5 9 10 *11)
[    0.731542] ACPI: PCI Interrupt Link [LNKB] (IRQs 5 9 *10 11)
[    0.737653] ACPI: PCI Interrupt Link [LNKC] (IRQs 5 *9 10 11)
[    0.740374] ACPI: PCI Interrupt Link [LNKD] (IRQs 5 9 10 *11)
[    0.743011] ACPI: Enabled 2 GPEs in block 00 to 07
[    0.744888] vgaarb: setting as boot device: PCI:0000:00:02.0
[    0.746804] vgaarb: device added: PCI:0000:00:02.0,decodes=io+mem,owns=io+mem,locks=none
[    0.749797] vgaarb: loaded
[    0.750958] vgaarb: bridge control possible 0000:00:02.0
[    0.753179] SCSI subsystem initialized
[    0.754755] ACPI: bus type USB registered
[    0.756305] usbcore: registered new interface driver usbfs
[    0.758215] usbcore: registered new interface driver hub
[    0.760147] usbcore: registered new device driver usb
[    0.762587] PCI: Using ACPI for IRQ routing
[    0.764492] NetLabel: Initializing
[    0.765719] NetLabel:  domain hash size = 128
[    0.768519] NetLabel:  protocols = UNLABELED CIPSOv4
[    0.770386] NetLabel:  unlabeled traffic allowed by default
[    0.772149] amd_nb: Cannot enumerate AMD northbridges
[    0.773688] clocksource: Switched to clocksource kvm-clock
[    0.782992] AppArmor: AppArmor Filesystem Enabled
[    0.784644] pnp: PnP ACPI init
[    0.786730] pnp: PnP ACPI: found 3 devices
[    0.795150] clocksource: acpi_pm: mask: 0xffffff max_cycles: 0xffffff, max_idle_ns: 2085701024 ns
[    0.798675] NET: Registered protocol family 2
[    0.800483] TCP established hash table entries: 8192 (order: 4, 65536 bytes)
[    0.802917] TCP bind hash table entries: 8192 (order: 5, 131072 bytes)
[    0.805138] TCP: Hash tables configured (established 8192 bind 8192)
[    0.807386] UDP hash table entries: 512 (order: 2, 16384 bytes)
[    0.809464] UDP-Lite hash table entries: 512 (order: 2, 16384 bytes)
[    0.811779] NET: Registered protocol family 1
[    0.813381] pci 0000:00:00.0: Limiting direct PCI/PCI transfers
[    0.815507] pci 0000:00:01.0: Activating ISA DMA hang workarounds
[    0.817884] Unpacking initramfs...
[    1.098561] Freeing initrd memory: 14888K
[    1.100082] RAPL PMU detected, API unit is 2^-32 Joules, 3 fixed counters 10737418240 ms ovfl timer
[    1.102904] hw unit of domain pp0-core 2^-0 Joules
[    1.104434] hw unit of domain package 2^-0 Joules
[    1.105901] hw unit of domain pp1-gpu 2^-0 Joules
[    1.107439] clocksource: tsc: mask: 0xffffffffffffffff max_cycles: 0x1872f08aba0, max_idle_ns: 440795286029 ns
[    1.111013] platform rtc_cmos: registered platform RTC device (no PNP device found)
[    1.113867] Scanning for low memory corruption every 60 seconds
[    1.116315] audit: initializing netlink subsys (disabled)
[    1.118326] audit: type=2000 audit(1661340116.196:1): initialized
[    1.120773] Initialise system trusted keyring
[    1.122564] HugeTLB registered 2 MB page size, pre-allocated 0 pages
[    1.126338] zbud: loaded
[    1.127745] VFS: Disk quotas dquot_6.6.0
[    1.129272] VFS: Dquot-cache hash table entries: 512 (order 0, 4096 bytes)
[    1.132041] squashfs: version 4.0 (2009/01/31) Phillip Lougher
[    1.134407] fuse init (API version 7.23)
[    1.136039] Key type big_key registered
[    1.137530] Allocating IMA MOK and blacklist keyrings.
[    1.139800] Key type asymmetric registered
[    1.141332] Asymmetric key parser 'x509' registered
[    1.143192] Block layer SCSI generic (bsg) driver version 0.4 loaded (major 249)
[    1.145946] io scheduler noop registered
[    1.147460] io scheduler deadline registered (default)
[    1.149312] io scheduler cfq registered
[    1.150956] pci_hotplug: PCI Hot Plug PCI Core version: 0.5
[    1.152923] pciehp: PCI Express Hot Plug Controller Driver version: 0.4
[    1.155430] ACPI: AC Adapter [AC] (on-line)
[    1.157042] input: Power Button as /devices/LNXSYSTM:00/LNXPWRBN:00/input/input0
[    1.159876] ACPI: Power Button [PWRF]
[    1.161345] input: Sleep Button as /devices/LNXSYSTM:00/LNXSLPBN:00/input/input1
[    1.164141] ACPI: Sleep Button [SLPF]
[    1.166433] ACPI: Battery Slot [BAT0] (battery present)
[    1.168382] GHES: HEST is not enabled!
[    1.169918] Serial: 8250/16550 driver, 32 ports, IRQ sharing enabled
[    1.192963] 00:02: ttyS0 at I/O 0x3f8 (irq = 4, base_baud = 115200) is a 16550A
[    1.197153] Linux agpgart interface v0.103
[    1.200013] loop: module loaded
[    1.201916] scsi host0: ata_piix
[    1.203269] scsi host1: ata_piix
[    1.204622] ata1: PATA max UDMA/33 cmd 0x1f0 ctl 0x3f6 bmdma 0xd000 irq 14
[    1.206569] ata2: PATA max UDMA/33 cmd 0x170 ctl 0x376 bmdma 0xd008 irq 15
[    1.210148] libphy: Fixed MDIO Bus: probed
[    1.212038] tun: Universal TUN/TAP device driver, 1.6
[    1.214060] tun: (C) 1999-2004 Max Krasnyansky <maxk@qualcomm.com>
[    1.216364] PPP generic driver version 2.4.2
[    1.217845] ehci_hcd: USB 2.0 'Enhanced' Host Controller (EHCI) Driver
[    1.219800] ehci-pci: EHCI PCI platform driver
[    1.221511] ehci-platform: EHCI generic platform driver
[    1.223473] ohci_hcd: USB 1.1 'Open' Host Controller (OHCI) Driver
[    1.225823] ohci-pci: OHCI PCI platform driver
[    1.227514] ohci-platform: OHCI generic platform driver
[    1.229370] uhci_hcd: USB Universal Host Controller Interface driver
[    1.233528] i8042: PNP: PS/2 Controller [PNP0303:PS2K,PNP0f03:PS2M] at 0x60,0x64 irq 1,12
[    1.237097] serio: i8042 KBD port at 0x60,0x64 irq 1
[    1.238915] serio: i8042 AUX port at 0x60,0x64 irq 12
[    1.240967] mousedev: PS/2 mouse device common for all mice
[    1.243404] input: AT Translated Set 2 keyboard as /devices/platform/i8042/serio0/input/input2
[    1.246864] rtc_cmos rtc_cmos: rtc core: registered rtc_cmos as rtc0
[    1.249116] rtc_cmos rtc_cmos: alarms up to one day, 114 bytes nvram
[    1.251524] i2c /dev entries driver
[    1.252929] device-mapper: uevent: version 1.0.3
[    1.254738] device-mapper: ioctl: 4.34.0-ioctl (2015-10-28) initialised: dm-devel@redhat.com
[    1.257817] ledtrig-cpu: registered to indicate activity on CPUs
[    1.260317] NET: Registered protocol family 10
[    1.262187] NET: Registered protocol family 17
[    1.263821] Key type dns_resolver registered
[    1.265684] registered taskstats version 1
[    1.267350] Loading compiled-in X.509 certificates
[    1.269969] Loaded X.509 cert 'Build time autogenerated kernel key: cf00e047681d67edb2720680708b7d9498083038'
[    1.273532] zswap: loaded using pool lzo/zbud
[    1.277323] Key type trusted registered
[    1.282493] Key type encrypted registered
[    1.284087] AppArmor: AppArmor sha1 policy hashing enabled
[    1.286035] ima: No TPM chip found, activating TPM-bypass!
[    1.288030] ima: Allocated hash algorithm: sha1
[    1.289700] evm: HMAC attrs: 0x1
[    1.291383]   Magic number: 2:804:378
[    1.292854] rtc_cmos rtc_cmos: setting system clock to 2022-08-24 11:21:51 UTC (1661340111)
[    1.296018] BIOS EDD facility v0.16 2004-Jun-25, 0 devices found
[    1.298106] EDD information not available.
[    1.386858] Freeing unused kernel memory: 1492K
[    1.388703] Write protecting the kernel read-only data: 14336k
[    1.391220] Freeing unused kernel memory: 1584K
[    1.392999] Freeing unused kernel memory: 52K
Loading, please wait...
starting version 229
[    1.411369] random: udevadm: uninitialized urandom read (16 bytes read, 2 bits of entropy available)
[    1.415439] random: systemd-udevd: uninitialized urandom read (16 bytes read, 2 bits of entropy available)
[    1.419041] random: systemd-udevd: uninitialized urandom read (16 bytes read, 2 bits of entropy available)
[    1.422470] random: systemd-udevd: uninitialized urandom read (16 bytes read, 2 bits of entropy available)
[    1.426115] random: udevadm: uninitialized urandom read (16 bytes read, 2 bits of entropy available)
[    1.430571] random: systemd-udevd: uninitialized urandom read (16 bytes read, 2 bits of entropy available)
[    1.445527] random: systemd-udevd: uninitialized urandom read (16 bytes read, 2 bits of entropy available)
[    1.450888] random: udevadm: uninitialized urandom read (16 bytes read, 2 bits of entropy available)
[    1.454353] random: systemd-udevd: uninitialized urandom read (16 bytes read, 2 bits of entropy available)
[    1.457750] random: systemd-udevd: uninitialized urandom read (16 bytes read, 2 bits of entropy available)
[    1.566551] e1000: Intel(R) PRO/1000 Network Driver - version 7.3.21-k8-NAPI
[    1.569084] e1000: Copyright (c) 1999-2006 Intel Corporation.
[    1.577682] Fusion MPT base driver 3.04.20
[    1.579477] Copyright (c) 1999-2008 LSI Corporation
[    1.603967] Fusion MPT SPI Host driver 3.04.20
[    1.643342] AVX version of gcm_enc/dec engaged.
[    1.645265] AES CTR mode by8 optimization enabled
[    1.804944] input: ImExPS/2 Generic Explorer Mouse as /devices/platform/i8042/serio1/input/input4
[    2.073076] e1000 0000:00:03.0 eth0: (PCI:33MHz:32-bit) 02:be:82:6b:cc:1d
[    2.075469] e1000 0000:00:03.0 eth0: Intel(R) PRO/1000 Network Connection
[    2.078837] mptbase: ioc0: Initiating bringup
[    2.142411] ioc0: LSI53C1030 A0: Capabilities={Initiator}
[    2.311046] scsi host2: ioc0: LSI53C1030 A0, FwRev=00000000h, Ports=1, MaxQ=256, IRQ=20
[    2.434274] scsi 2:0:0:0: Direct-Access     VBOX     HARDDISK         1.0  PQ: 0 ANSI: 5
[    2.443129] scsi target2:0:0: Beginning Domain Validation
[    2.451242] scsi target2:0:0: Domain Validation skipping write tests
[    2.456101] scsi target2:0:0: Ending Domain Validation
[    2.474801] scsi target2:0:0: asynchronous
[    2.503667] scsi 2:0:1:0: Direct-Access     VBOX     HARDDISK         1.0  PQ: 0 ANSI: 5
[    2.540216] scsi target2:0:1: Beginning Domain Validation
[    2.600376] scsi target2:0:1: Domain Validation skipping write tests
[    2.603271] scsi target2:0:1: Ending Domain Validation
[    2.610148] scsi target2:0:1: asynchronous
[    2.735611] sd 2:0:0:0: Attached scsi generic sg0 type 0
[    2.737624] sd 2:0:0:0: [sda] 83886080 512-byte logical blocks: (42.9 GB/40.0 GiB)
[    2.740700] sd 2:0:1:0: [sdb] 20480 512-byte logical blocks: (10.5 MB/10.0 MiB)
[    2.743288] sd 2:0:1:0: Attached scsi generic sg1 type 0
[    2.745282] sd 2:0:1:0: [sdb] Write Protect is off
[    2.746896] sd 2:0:0:0: [sda] Write Protect is off
[    2.750075] sd 2:0:1:0: [sdb] Incomplete mode parameter data
[    2.753514] sd 2:0:1:0: [sdb] Assuming drive cache: write through
[    2.759970] sd 2:0:0:0: [sda] Incomplete mode parameter data
[    2.761963] sd 2:0:0:0: [sda] Assuming drive cache: write through
[    2.828470]  sda: sda1
[    2.857861] sd 2:0:0:0: [sda] Attached SCSI disk
[    2.860557] sd 2:0:1:0: [sdb] Attached SCSI disk
[    2.899695] e1000 0000:00:08.0 eth1: (PCI:33MHz:32-bit) 08:00:27:f9:9f:26
[    2.902317] e1000 0000:00:08.0 eth1: Intel(R) PRO/1000 Network Connection
[    2.910380] e1000 0000:00:08.0 enp0s8: renamed from eth1
[    2.916877] e1000 0000:00:03.0 enp0s3: renamed from eth0
Begin: Loading essential drivers ... [    4.394429] md: linear personality registered for level -1
[    4.400062] md: multipath personality registered for level -4
[    4.405667] md: raid0 personality registered for level 0
[    4.412213] md: raid1 personality registered for level 1
[    4.497470] raid6: sse2x1   gen()  6678 MB/s
[    4.578585] raid6: sse2x1   xor()  4506 MB/s
[    4.659657] raid6: sse2x2   gen()  7001 MB/s
[    4.740383] raid6: sse2x2   xor()  5923 MB/s
[    4.821113] raid6: sse2x4   gen()  9349 MB/s
[    4.913295] raid6: sse2x4   xor()  7259 MB/s
[    4.914814] raid6: using algorithm sse2x4 gen() 9349 MB/s
[    4.916467] raid6: .... xor() 7259 MB/s, rmw enabled
[    4.917989] raid6: using ssse3x2 recovery algorithm
[    4.922137] xor: automatically using best checksumming function:
[    5.065148]    avx       : 65415.000 MB/sec
[    5.069066] async_tx: api initialized (async)
[    5.092805] md: raid6 personality registered for level 6
[    5.094865] md: raid5 personality registered for level 5
[    5.096559] md: raid4 personality registered for level 4
[    5.106713] md: raid10 personality registered for level 10
done.
Begin: Running /scripts/init-premount ... done.
Begin: Mounting root file system ... Begin: Running /scripts/local-top ... done.
Begin: Running /scripts/local-premount ... [    5.164352] Btrfs loaded
Scanning for Btrfs filesystems
done.
Warning: fsck not present, so skipping root file system
[    5.230623] EXT4-fs (sda1): mounted filesystem with ordered data mode. Opts: (null)
done.
Begin: Running /scripts/local-bottom ... done.
Begin: Running /scripts/init-bottom ... done.
[    6.096880] systemd[1]: systemd 229 running in system mode. (+PAM +AUDIT +SELINUX +IMA +APPARMOR +SMACK +SYSVINIT +UTMP +LIBCRYPTSETUP +GCRYPT +GNUTLS +ACL +XZ -LZ4 +SECCOMP +BLKID +ELFUTILS +KMOD -IDN)
[    6.115886] systemd[1]: Detected virtualization oracle.
[    6.124014] systemd[1]: Detected architecture x86-64.

Welcome to [1mUbuntu 16.04.7 LTS[0m!

[    6.195533] systemd[1]: Set hostname to <ubuntu>.
[    6.242144] systemd[1]: Initializing machine ID from random generator.
[    6.249738] systemd[1]: Installed transient /etc/machine-id file.
[    6.366516] random: nonblocking pool is initialized
[    7.398647] systemd[1]: Started Forward Password Requests to Wall Directory Watch.
[[0;32m  OK  [0m] Started Forward Password Requests to Wall Directory Watch.
[    7.411965] systemd[1]: Created slice System Slice.
[[0;32m  OK  [0m] Created slice System Slice.
[    7.419253] systemd[1]: Listening on fsck to fsckd communication Socket.
[[0;32m  OK  [0m] Listening on fsck to fsckd communication Socket.
[    7.428309] systemd[1]: Created slice User and Session Slice.
[[0;32m  OK  [0m] Created slice User and Session Slice.
[    7.435009] systemd[1]: Reached target Encrypted Volumes.
[[0;32m  OK  [0m] Reached target Encrypted Volumes.
[    7.440503] systemd[1]: Listening on udev Control Socket.
[[0;32m  OK  [0m] Listening on udev Control Socket.
[    7.446478] systemd[1]: Listening on udev Kernel Socket.
[[0;32m  OK  [0m] Listening on udev Kernel Socket.
[    7.453009] systemd[1]: Created slice system-serial\x2dgetty.slice.
[[0;32m  OK  [0m] Created slice system-serial\x2dgetty.slice.
[    7.459383] systemd[1]: Started Trigger resolvconf update for networkd DNS.
[[0;32m  OK  [0m] Started Trigger resolvconf update for networkd DNS.
[    7.464095] systemd[1]: Listening on Journal Socket (/dev/log).
[[0;32m  OK  [0m] Listening on Journal Socket (/dev/log).
[    7.467839] systemd[1]: Listening on LVM2 poll daemon socket.
[[0;32m  OK  [0m] Listening on LVM2 poll daemon socket.
[    7.471692] systemd[1]: Listening on Journal Socket.
[[0;32m  OK  [0m] Listening on Journal Socket.
[    7.476527] systemd[1]: Starting Nameserver information manager...
         Starting Nameserver information manager...
[    7.483830] systemd[1]: Starting Set console keymap...
         Starting Set console keymap...
[    7.488745] systemd[1]: Starting Uncomplicated firewall...
         Starting Uncomplicated firewall...
[    7.497069] systemd[1]: Mounting Huge Pages File System...
         Mounting Huge Pages File System...
[    7.505643] systemd[1]: Starting File System Check on Root Device...
         Starting File System Check on Root Device...
[    7.513555] systemd[1]: Mounting Debug File System...
         Mounting Debug File System...
[    7.521884] systemd[1]: Starting Create list of required static device nodes for the current kernel...
         Starting Create list of required st... nodes for the current kernel...
[    7.532429] systemd[1]: Mounting POSIX Message Queue File System...
         Mounting POSIX Message Queue File System...
[    7.539925] systemd[1]: Reached target Swap.
[[0;32m  OK  [0m] Reached target Swap.
[    7.543857] systemd[1]: Reached target Slices.
[[0;32m  OK  [0m] Reached target Slices.
[    7.547222] systemd[1]: Reached target User and Group Name Lookups.
[[0;32m  OK  [0m] Reached target User and Group Name Lookups.
[    7.552303] systemd[1]: Listening on Syslog Socket.
[[0;32m  OK  [0m] Listening on Syslog Socket.
[    7.555393] systemd[1]: Listening on Journal Audit Socket.
[[0;32m  OK  [0m] Listening on Journal Audit Socket.
[    7.559818] systemd[1]: Starting Journal Service...
         Starting Journal Service...
[    7.566374] systemd[1]: Listening on Device-mapper event daemon FIFOs.
[[0;32m  OK  [0m] Listening on Device-mapper event daemon FIFOs.
[    7.571829] systemd[1]: Set up automount Arbitrary Executable File Formats File System Automount Point.
[[0;32m  OK  [0m] Set up automount Arbitrary Executab...ats File System Automount Point.
[    7.635806] systemd[1]: Listening on /dev/initctl Compatibility Named Pipe.
[[0;32m  OK  [0m] Listening on /dev/initctl Compatibility Named Pipe.
[    7.644674] systemd[1]: Reached target System Time Synchronized.
[[0;32m  OK  [0m] Reached target System Time Synchronized.
[    7.705829] systemd[1]: Starting Load Kernel Modules...
         Starting Load Kernel Modules...
[    7.709751] systemd[1]: Listening on LVM2 metadata daemon socket.
[[0;32m  OK  [0m] Listening on LVM2 metadata daemon socket.
[    7.715428] systemd[1]: Starting Monitoring of LVM2 mirrors, snapshots etc. using dmeventd or progress polling...
         Starting Monitoring of LVM2 mirrors... dmeventd or progress polling...
[    7.724449] systemd[1]: Mounted Huge Pages File System.
[[0;32m  OK  [0m] Mounted Huge Pages File System.
[    7.730970] systemd[1]: Mounted POSIX Message Queue File System.
[[0;32m  OK  [0m] Mounted POSIX Message Queue File System.
[    7.737131] systemd[1]: Mounted Debug File System.
[[0;32m  OK  [0m] Mounted Debug File System.
[    7.741960] systemd[1]: Started Uncomplicated firewall.
[[0;32m  OK  [0m] Started Uncomplicated firewall.
[    7.750120] systemd[1]: Started Create list of required static device nodes for the current kernel.
[[0;32m  OK  [0m] Started Create list of required sta...ce nodes for the current kernel.
[    7.761073] systemd[1]: Started File System Check Daemon to report status.
[[0;32m  OK  [0m] Started File System Check Daemon to report status.
[    7.770850] systemd[1]: Starting Create Static Device Nodes in /dev...
         Starting Create Static Device Nodes in /dev...
[    7.780534] systemd[1]: Started File System Check on Root Device.
[[0;32m  OK  [0m] Started File System Check on Root Device.
[    7.786154] systemd[1]: Started Nameserver information manager.
[[0;32m  OK  [0m] Started Nameserver information manager.
[    7.793332] systemd[1]: Starting Remount Root and Kernel File Systems...
         Starting Remount Root and Kernel File Systems...
[    7.838392] EXT4-fs (sda1): re-mounted. Opts: (null)
[    7.845728] systemd[1]: Started Remount Root and Kernel File Systems.
[[0;32m  OK  [0m] Started Remount Root and Kernel File Systems.
[    7.933001] Loading iSCSI transport class v2.0-870.
[    7.973766] systemd[1]: Starting udev Coldplug all Devices...
         Starting udev Coldplug all Devices...
[    7.989181] systemd[1]: Starting Load/Save Random Seed...
         Starting Load/Save Random Seed...
[    8.004554] systemd[1]: Started Journal Service.
[[0;32m  OK  [0m] Started Journal Service.
[[0;32m  OK  [0m] Started Set console keymap.
         Starting Flush Journal to Persistent Storage...
[    8.059763] iscsi: registered transport (tcp)
[[0;32m  OK  [0m] Started Load/Save Random Seed.
[[0;32m  OK  [0m] Started udev Coldplug all Devices.
[    8.166596] systemd-journald[390]: Received request to flush runtime journal from PID 1
[[0;32m  OK  [0m] Started Flush Journal to Persistent Storage.
[[0;32m  OK  [0m] Started LVM2 metadata daemon.
[    8.424685] iscsi: registered transport (iser)
[[0;32m  OK  [0m] Started Load Kernel Modules.
         Starting Apply Kernel Variables...
         Mounting FUSE Control File System...
[[0;32m  OK  [0m] Mounted FUSE Control File System.
[[0;32m  OK  [0m] Started Create Static Device Nodes in /dev.
[[0;32m  OK  [0m] Started Apply Kernel Variables.
         Starting udev Kernel Device Manager...
[[0;32m  OK  [0m] Started Monitoring of LVM2 mirrors,...ng dmeventd or progress polling.
[[0;32m  OK  [0m] Reached target Local File Systems (Pre).
[[0;32m  OK  [0m] Reached target Local File Systems.
         Starting LSB: AppArmor initialization...
         Starting Initial cloud-init job (pre-networking)...
         Starting Create Volatile Files and Directories...
         Starting Tell Plymouth To Write Out Runtime Data...
         Starting Commit a transient machine-id on disk...
         Starting Set console font and keymap...
[[0;32m  OK  [0m] Started Commit a transient machine-id on disk.
[[0;32m  OK  [0m] Started Create Volatile Files and Directories.
         Starting Update UTMP about System Boot/Shutdown...
[[0;32m  OK  [0m] Started Tell Plymouth To Write Out Runtime Data.
[[0;32m  OK  [0m] Started Update UTMP about System Boot/Shutdown.
[[0;32m  OK  [0m] Started udev Kernel Device Manager.
[[0;32m  OK  [0m] Started Dispatch Password Requests to Console Directory Watch.
[[0;32m  OK  [0m] Started Set console font and keymap.
[[0;32m  OK  [0m] Created slice system-getty.slice.
[[0;32m  OK  [0m] Found device /dev/ttyS0.
[[0;32m  OK  [0m] Listening on Load/Save RF Kill Switch Status /dev/rfkill Watch.
[[0;32m  OK  [0m] Started LSB: AppArmor initialization.
         Starting Load AppArmor profiles managed internally by snapd...
[[0;32m  OK  [0m] Started Load AppArmor profiles managed internally by snapd.
[   17.804269] cloud-init[484]: Cloud-init v. 21.1-19-gbad84ad4-0ubuntu1~16.04.2 running 'init-local' at Wed, 24 Aug 2022 11:22:07 +0000. Up 16.99 seconds.
[[0;32m  OK  [0m] Started Initial cloud-init job (pre-networking).
[[0;32m  OK  [0m] Reached target Network (Pre).
         Starting Raise network interfaces...
[[0;32m  OK  [0m] Started Raise network interfaces.
         Starting Initial cloud-init job (metadata service crawler)...
[[0;32m  OK  [0m] Reached target Network.
[   21.190284] cloud-init[970]: Cloud-init v. 21.1-19-gbad84ad4-0ubuntu1~16.04.2 running 'init' at Wed, 24 Aug 2022 11:22:09 +0000. Up 18.64 seconds.
[   21.193363] cloud-init[970]: ci-info: ++++++++++++++++++++++++++++++++++++++Net device info+++++++++++++++++++++++++++++++++++++++
[   21.212575] cloud-init[970]: ci-info: +--------+-------+----------------------------+---------------+--------+-------------------+
[   21.214899] cloud-init[970]: ci-info: | Device |   Up  |          Address           |      Mask     | Scope  |     Hw-Address    |
[   21.250743] cloud-init[970]: ci-info: +--------+-------+----------------------------+---------------+--------+-------------------+
[   21.253440] cloud-init[970]: ci-info: | enp0s3 |  True |         10.0.2.15          | 255.255.255.0 | global | 02:be:82:6b:cc:1d |
[   21.260481] cloud-init[970]: ci-info: | enp0s3 |  True | fe80::be:82ff:fe6b:cc1d/64 |       .       |  link  | 02:be:82:6b:cc:1d |
[   21.265879] cloud-init[970]: ci-info: | enp0s8 | False |             .              |       .       |   .    | 08:00:27:f9:9f:26 |
[   21.268469] cloud-init[970]: ci-info: |   lo   |  True |         127.0.0.1          |   255.0.0.0   |  host  |         .         |
[[0;32m  OK  [0m] Started Initial cloud-init job (metadata service crawler).
[[0;32m  OK  [0m] Reached target Network is Online.
[   21.275739] cloud-init[970]: ci-info: |   lo   |  True |          ::1/128           |       .       |  host  |         .         |
         Starting iSCSI initiator daemon (iscsid)...
[[0;32m  OK  [0m] Reached target Cloud-config availability.
[[0;32m  OK  [0m] Reached target System Initialization.
[[0;32m  OK  [0m] Listening on D-Bus System Message Bus Socket.
[[0;32m  OK  [0m] Started Message of the Day.[   21.282170] cloud-init[970]: ci-info: +--------+-------+----------------------------+---------------+--------+-------------------+
[   21.295744] cloud-init[970]: ci-info: +++++++++++++++++++++++++++Route IPv4 info++++++++++++++++++++++++++++
[   21.298694] cloud-init[970]: ci-info: +-------+-------------+----------+---------------+-----------+-------+
[[0;32m  OK  [0m] Started Ubuntu Advantage update messaging.
[[0;32m  OK  [0m] Started ACPI Events Check.
[[0;32m  OK  [0m] Reached target Paths.

[   21.307076] cloud-init[970]: ci-info: | Route | Destination | Gateway  |    Genmask    | Interface | Flags |
[   21.309960] cloud-init[970]: ci-info: +-------+-------------+----------+---------------+-----------+-------+
[   21.312602] cloud-init[970]: ci-info: |   0   |   0.0.0.0   | 10.0.2.2 |    0.0.0.0    |   enp0s3  |   UG  |
[   21.315144] cloud-init[970]: ci-info: |   1   |   10.0.2.0  | 0.0.0.0  | 255.255.255.0 |   enp0s3  |   U   |
[   21.317683] cloud-init[970]: ci-info: +-------+-------------+----------+---------------+-----------+-------+
         Starting LXD - unix socket.
[[0;32m  OK  [0m] Started Daily Cleanup of Temporary Directories.
[[0;32m  OK  [0m] Listening on ACPID Listen Socket.
[[0;32m  OK  [0m] Listening on UUID daemon activation socket.
[   21.320300] cloud-init[970]: ci-info: +++++++++++++++++++Route IPv6 info+++++++++++++++++++
[   21.330192] cloud-init[970]: ci-info: +-------+-------------+---------+-----------+-------+[[0;32m  OK  [0m] Started Daily apt download activities.
[[0;32m  OK  [0m
[   21.335316] cloud-init[970]: ci-info: | Route | Destination | Gateway | Interface | Flags |] Started Daily apt upgrade and clean activities.
[[0;32m  OK  [0m] Reached target Timers.
         Starting Socket activation for snappy daemon.
[   21.341445] cloud-init[970]: ci-info: +-------+-------------+---------+-----------+-------+
[   21.343259] cloud-init[970]: ci-info: |   0   |  fe80::/64  |    ::   |   enp0s3  |   U   |
[[0;32m  OK  [0m] Listening on LXD - unix socket.
[[0;32m  OK  [0m
[   21.348428] cloud-init[970]: ci-info: |   3   |   ff00::/8  |    ::   |   enp0s3  |   U   |] Listening on Socket activation for snappy daemon.
[[0;32m  OK  [0m
[   21.352709] ] Reached target Sockets.
[[0;32m  OK  [0m] Reached target Basic System.
cloud-init[970]: ci-info: +-------+-------------+---------+-----------+-------+
         Starting Login Service...
[   21.362116] cloud-init[970]: Generating public/private rsa key pair.
[   21.367006] cloud-init[970]: Your identification has been saved in /etc/ssh/ssh_host_rsa_key.         Starting /etc/rc.local Compatibility...
         Starting LSB: MD monitoring daemon...

[   21.380294] cloud-init[970]: Your public key has been saved in /etc/ssh/ssh_host_rsa_key.pub.
[[0;32m  OK  [0m] Started Regular background program processing daemon.
         Starting LSB: Record successful boot for GRUB...
[   21.391800] cloud-init[970]: The key fingerprint is:
[   21.402574] cloud-init[970]: SHA256:H6pE4+tNowB/bcKourIaM7hnbUVYt2damAdvrMHk/iY root@ubuntu-xenial
[   21.404669] cloud-init[970]: The key's randomart image is:
[   21.407139] cloud-init[970]: +---[RSA 2048]----+
[   21.408635] cloud-init[970]: |                 |
[   21.410075] cloud-init[970]: |      . +        |
[   21.411603] cloud-init[970]: |     o = B       |
[   21.412866] cloud-init[970]: |    . . B O      |         Starting Pollinate to seed the pseudo random number generator...

[   21.418783] cloud-init[970]: |  .  .o.SX.      |
[   21.420052] cloud-init[970]: |.  o =.o+o .     |
[   21.423756] cloud-init[970]: |=  .+.* *..      |
[   21.425237] cloud-init[970]: |.=o.o+ OE.o      |
[   21.426696] cloud-init[970]: |O*.. .= .o       |
[   21.428192] cloud-init[970]: +----[SHA256]-----+
[   21.429632] cloud-init[970]: Generating public/private dsa key pair.
[   21.432307] cloud-init[970]: Your identification has been saved in /etc/ssh/ssh_host_dsa_key.
[   21.434851] cloud-init[970]: Your public key has been saved in /etc/ssh/ssh_host_dsa_key.pub.
[   21.437505] cloud-init[970]: The key fingerprint is:
[   21.439220] cloud-init[970]: SHA256:SscD1dKRlksY8pD2JBODelObu2BGknX3bGfbPooWm1Y root@ubuntu-xenial
[   21.446313] cloud-init[970]: The key's randomart image is:
[   21.448307] cloud-init[970]: +---[DSA 1024]----+
[   21.449973] cloud-init[970]: |     .=oo=.+     |
[   21.451612] cloud-init[970]: |    o B*= B      |
[   21.457614] cloud-init[970]: |   + +.O.* .     |
[   21.459290] cloud-init[970]: |  + + oo. = o    |
[   21.461060] cloud-init[970]: |   + ...S. o o   |
[   21.462663] cloud-init[[0;32m  OK  [0m] Started ACPI event daemon.
[970]: |    +..o .. E .  |
[   21.467237] cloud-init[970]: |   o ...   = .   |
[   21.469891] cloud-init[970]: |      .   =.  o  |
[   21.472403] cloud-init[970]: |         o. .. . |
[   21.473925] cloud-init[970]: +----[SHA256]-----+
[   21.475469] cloud-init[970]: Generating public/private ecdsa key pair.
[   21.477810] cloud-init[970]: Your identification has been saved in /etc/ssh/ssh_host_ecdsa_key.
[   21.480471] cloud-init[970]: Your public key has been saved in /etc/ssh/ssh_host_ecdsa_key.pub.
[   21.483104] cloud-init[970]: The key fingerprint is:
[   21.484869] cloud-init[970]: SHA256:cxI4B/Af8ChH2ddOqOPgCggDp5TAEiXMoesCql43C0Q root@ubuntu-xenial         Starting System Logging Service...
[[0;32m  OK  [0m] Started D-Bus System Message Bus.

[   21.492536] cloud-init[970]: The key's randomart image is:
[   21.495298] cloud-init[970]: +---[ECDSA 256]---+
[   21.500809] cloud-init[970]: |O++ ..+o   o     |
[   21.504617] cloud-init[970]: |+B.  o.*. o o    |
[   21.507161] cloud-init[970]: |=o E. * =o o     |
[   21.509095] cloud-init[970]: |+..  o.+oo  .    |
[   21.511480] cloud-init[970]: |+o . . oS..      |
[   21.513114] cloud-init[970]: |= o   . .+       |
[   21.514912] cloud-init[970]: |o. + +           |
[   21.516519] cloud-init[970]: |o . + o          |
[   21.518051] cloud-init[970]: |o.   .           |
[   21.519602] cloud-init[970]: +----[SHA256]-----+
[   21.521165] cloud-init[970]: Generating public/private ed25519 key pair.
[   21.523687] cloud-init[970]: Your identification has been saved in /etc/ssh/ssh_host_ed25519_key.
[   21.526518] cloud-init[970]: Your public key has been saved in /etc/ssh/ssh_host_ed25519_key.pub.
[   21.530683] cloud-init[970]: The key fingerprint is:
[   21.532302] cloud-init[970]: SHA256:5VPaZoPyNNA21ZVonePOyWVyGPOf4vvd2oPH2/11HQI root@ubuntu-xenial
[   21.534887] cloud-init[970]: The key's randomart image is:
[   21.537062] cloud-init[970]: +--[ED25519 256]--+
[   21.538687] cloud-init[970]: |            ..o.+|
[   21.540407] cloud-init[970]: |         . . o+= |
[   21.542441] cloud-init[970]: |        . =Eo .=.|
[   21.544034] cloud-init[970]: |         = *. o.=|
[   21.545617] cloud-init[970]: |        S B =.+==|
[   21.547525] cloud-init[970]: |         + = o.*+|
[   21.549220] cloud-init[970]: |          . . + +|
[   21.550711] cloud-init[970]: |             o =B|
[   21.552217] cloud-init[970]: |             .=+@|
[   21.553705] cloud-init[970]: +----[SHA256]-----+
[[0;32m  OK  [0m] Started Deferred execution scheduler.
[[0;32m  OK  [0m] Started FUSE filesystem for LXC.
         Starting LXD - container startup/shutdown...
         Starting Virtualbox guest utils...
         Starting Accounts Service...
         Starting Snap Daemon...
[[0;32m  OK  [0m] Started System Logging Service.
[[0;32m  OK  [0m] Started /etc/rc.local Compatibility.
[[0;32m  OK  [0m] Started Login Service.
[[0;32m  OK  [0m] Started Unattended Upgrades Shutdown.
[[0;32m  OK  [0m] Started iSCSI initiator daemon (iscsid).
         Starting Login to default iSCSI targets...
[[0;32m  OK  [0m] Started LSB: Record successful boot for GRUB.
[[0;32m  OK  [0m] Started LSB: MD monitoring daemon.
[[0;32m  OK  [0m] Started Login to default iSCSI targets.
[[0;32m  OK  [0m] Reached target Remote File Systems (Pre).
[[0;32m  OK  [0m] Reached target Remote File Systems.
         Starting LSB: automatic crash report generation...
         Starting Permit User Sessions...
         Starting LSB: daemon to balance interrupts for SMP systems...
         Starting LSB: Set the CPU Frequency Scaling governor to "ondemand"...
[[0;32m  OK  [0m] Started LSB: Set the CPU Frequency Scaling governor to "ondemand".
[[0;32m  OK  [0m] Started Permit User Sessions.
         Starting Hold until boot process finishes up...
         Starting Terminate Plymouth Boot Screen...
[[0;32m  OK  [0m] Started Hold until boot process finishes up.
[[0;32m  OK  [0m] Started Terminate Plymouth Boot Screen.
[[0;32m  OK  [0m] Started Getty on tty1.
         Starting Set console scheme...
[[0;32m  OK  [0m] Started Serial Getty on ttyS0.
[[0;32m  OK  [0m] Reached target Login Prompts.
[[0;32m  OK  [0m] Started Set console scheme.
[[0;32m  OK  [0m] Started LSB: automatic crash report generation.
[[0;32m  OK  [0m] Started LSB: daemon to balance interrupts for SMP systems.
[[0;32m  OK  [0m] Started Virtualbox guest utils.
         Starting Authenticate and Authorize Users to Run Privileged Tasks...
[[0;32m  OK  [0m] Started Authenticate and Authorize Users to Run Privileged Tasks.
[[0;32m  OK  [0m] Started Accounts Service.
[[0;32m  OK  [0m] Started Pollinate to seed the pseudo random number generator.
         Starting OpenBSD Secure Shell server...
[[0;32m  OK  [0m] Started OpenBSD Secure Shell server.

Ubuntu 16.04.7 LTS ubuntu-xenial ttyS0

ubuntu-xenial login: [   35.200283] cloud-init[1508]: Generating locales (this might take a while)...
[   37.441487] cloud-init[1508]:   en_US.UTF-8... done
[   37.444725] cloud-init[1508]: Generation complete.
[   39.526578] cloud-init[1508]: Cloud-init v. 21.1-19-gbad84ad4-0ubuntu1~16.04.2 running 'modules:config' at Wed, 24 Aug 2022 11:22:25 +0000. Up 34.84 seconds.
ci-info: no authorized SSH keys fingerprints found for user ubuntu.
<14>Aug 24 11:22:31 ec2: 
<14>Aug 24 11:22:31 ec2: #############################################################
<14>Aug 24 11:22:31 ec2: -----BEGIN SSH HOST KEY FINGERPRINTS-----
<14>Aug 24 11:22:31 ec2: 1024 SHA256:SscD1dKRlksY8pD2JBODelObu2BGknX3bGfbPooWm1Y root@ubuntu-xenial (DSA)
<14>Aug 24 11:22:31 ec2: 256 SHA256:cxI4B/Af8ChH2ddOqOPgCggDp5TAEiXMoesCql43C0Q root@ubuntu-xenial (ECDSA)
<14>Aug 24 11:22:31 ec2: 256 SHA256:5VPaZoPyNNA21ZVonePOyWVyGPOf4vvd2oPH2/11HQI root@ubuntu-xenial (ED25519)
<14>Aug 24 11:22:31 ec2: 2048 SHA256:H6pE4+tNowB/bcKourIaM7hnbUVYt2damAdvrMHk/iY root@ubuntu-xenial (RSA)
<14>Aug 24 11:22:31 ec2: -----END SSH HOST KEY FINGERPRINTS-----
<14>Aug 24 11:22:31 ec2: #############################################################
-----BEGIN SSH HOST KEY KEYS-----
ecdsa-sha2-nistp256 AAAAE2VjZHNhLXNoYTItbmlzdHAyNTYAAAAIbmlzdHAyNTYAAABBBG0kXrkTOU5Kta9EhiHw0MGWYCn6G3nPnZJxpr2dRzqRdiwLR3rL9Lz/fIutNHwOih73MIndywvwc1oIbKUrub0= root@ubuntu-xenial
ssh-ed25519 AAAAC3NzaC1lZDI1NTE5AAAAIBYQfozSItw3kK5SKYX8PGArNZKmGXqVvbH/FRMhtRbU root@ubuntu-xenial
ssh-rsa AAAAB3NzaC1yc2EAAAADAQABAAABAQDjJbqH9BNvgCCvBrSpuKsx2T8OnRqSRYuCHkvURVcp2BiQ4O4G66dFb5s12VehcuYRJ59HdKIr+IY8JPVR9o3LBPOTZdQVBe4rPI+EPJFKnBp8LyHETZxM//Mn9i1Tlc3Mj/YzqToT+mPbaSKNupE1eRsKcmyKoREXezCKLmgV+AcWslfXbwcRS+FvZtfkIpkTEFqDfmH/aaAJkZCuUeGjZycD5JHYFr1/IyYRjp/hKqlWrIiksS0NYGmkrJUyQFbQvC0v1pRVJsBA5FXjE6IdKZlgfjSKRTsaZTkG5380pQXXJERNy4zmdTVi8NR/IAZ25/qif3rBGSNoNgFzUjVv root@ubuntu-xenial
-----END SSH HOST KEY KEYS-----
[   40.579845] cloud-init[2002]: Cloud-init v. 21.1-19-gbad84ad4-0ubuntu1~16.04.2 running 'modules:final' at Wed, 24 Aug 2022 11:22:30 +0000. Up 40.14 seconds.
[   40.602749] cloud-init[2002]: ci-info: no authorized SSH keys fingerprints found for user ubuntu.
[   40.605602] cloud-init[2002]: Cloud-init v. 21.1-19-gbad84ad4-0ubuntu1~16.04.2 finished at Wed, 24 Aug 2022 11:22:31 +0000. Datasource DataSourceNoCloud [seed=/dev/sdb][dsmode=net].  Up 40.56 seconds
