[    0.000000] Initializing cgroup subsys cpuset
[    0.000000] Initializing cgroup subsys cpu
[    0.000000] Initializing cgroup subsys cpuacct
[    0.000000] Linux version 4.4.0-210-generic (buildd@lgw01-amd64-009) (gcc version 5.4.0 20160609 (Ubuntu 5.4.0-6ubuntu1~16.04.12) ) #242-Ubuntu SMP Fri Apr 16 09:57:56 UTC 2021 (Ubuntu 4.4.0-210.242-generic 4.4.262)
[    0.000000] Command line: BOOT_IMAGE=/boot/vmlinuz-4.4.0-210-generic root=LABEL=cloudimg-rootfs ro console=tty1 console=ttyS0
[    0.000000] KERNEL supported cpus:
[    0.000000]   Intel GenuineIntel
[    0.000000]   AMD AuthenticAMD
[    0.000000]   Centaur CentaurHauls
[    0.000000] x86/fpu: xstate_offset[2]:  576, xstate_sizes[2]:  256
[    0.000000] x86/fpu: Supporting XSAVE feature 0x01: 'x87 floating point registers'
[    0.000000] x86/fpu: Supporting XSAVE feature 0x02: 'SSE registers'
[    0.000000] x86/fpu: Supporting XSAVE feature 0x04: 'AVX registers'
[    0.000000] x86/fpu: Enabled xstate features 0x7, context size is 832 bytes, using 'standard' format.
[    0.000000] e820: BIOS-provided physical RAM map:
[    0.000000] BIOS-e820: [mem 0x0000000000000000-0x000000000009fbff] usable
[    0.000000] BIOS-e820: [mem 0x000000000009fc00-0x000000000009ffff] reserved
[    0.000000] BIOS-e820: [mem 0x00000000000f0000-0x00000000000fffff] reserved
[    0.000000] BIOS-e820: [mem 0x0000000000100000-0x000000003ffeffff] usable
[    0.000000] BIOS-e820: [mem 0x000000003fff0000-0x000000003fffffff] ACPI data
[    0.000000] BIOS-e820: [mem 0x00000000fec00000-0x00000000fec00fff] reserved
[    0.000000] BIOS-e820: [mem 0x00000000fee00000-0x00000000fee00fff] reserved
[    0.000000] BIOS-e820: [mem 0x00000000fffc0000-0x00000000ffffffff] reserved
[    0.000000] NX (Execute Disable) protection: active
[    0.000000] SMBIOS 2.5 present.
[    0.000000] Hypervisor detected: KVM
[    0.000000] e820: last_pfn = 0x3fff0 max_arch_pfn = 0x400000000
[    0.000000] MTRR: Disabled
[    0.000000] x86/PAT: MTRRs disabled, skipping PAT initialization too.
[    0.000000] CPU MTRRs all blank - virtualized system.
[    0.000000] x86/PAT: Configuration [0-7]: WB  WT  UC- UC  WB  WT  UC- UC  
[    0.000000] found SMP MP-table at [mem 0x0009fff0-0x0009ffff] mapped at [ffff88000009fff0]
[    0.000000] Scanning 1 areas for low memory corruption
[    0.000000] RAMDISK: [mem 0x362dc000-0x37165fff]
[    0.000000] ACPI: Early table checksum verification disabled
[    0.000000] ACPI: RSDP 0x00000000000E0000 000024 (v02 VBOX  )
[    0.000000] ACPI: XSDT 0x000000003FFF0030 00003C (v01 VBOX   VBOXXSDT 00000001 ASL  00000061)
[    0.000000] ACPI: FACP 0x000000003FFF00F0 0000F4 (v04 VBOX   VBOXFACP 00000001 ASL  00000061)
[    0.000000] ACPI: DSDT 0x000000003FFF0470 002325 (v02 VBOX   VBOXBIOS 00000002 INTL 20200925)
[    0.000000] ACPI: FACS 0x000000003FFF0200 000040
[    0.000000] ACPI: FACS 0x000000003FFF0200 000040
[    0.000000] ACPI: APIC 0x000000003FFF0240 000054 (v02 VBOX   VBOXAPIC 00000001 ASL  00000061)
[    0.000000] ACPI: SSDT 0x000000003FFF02A0 0001CC (v01 VBOX   VBOXCPUT 00000002 INTL 20200925)
[    0.000000] No NUMA configuration found
[    0.000000] Faking a node at [mem 0x0000000000000000-0x000000003ffeffff]
[    0.000000] NODE_DATA(0) allocated [mem 0x3ffeb000-0x3ffeffff]
[    0.000000] kvm-clock: Using msrs 4b564d01 and 4b564d00
[    0.000000] kvm-clock: cpu 0, msr 0:3ffe3001, primary cpu clock
[    0.000000] kvm-clock: using sched offset of 3888900237 cycles
[    0.000000] clocksource: kvm-clock: mask: 0xffffffffffffffff max_cycles: 0x1cd42e4dffb, max_idle_ns: 881590591483 ns
[    0.000000] Zone ranges:
[    0.000000]   DMA      [mem 0x0000000000001000-0x0000000000ffffff]
[    0.000000]   DMA32    [mem 0x0000000001000000-0x000000003ffeffff]
[    0.000000]   Normal   empty
[    0.000000]   Device   empty
[    0.000000] Movable zone start for each node
[    0.000000] Early memory node ranges
[    0.000000]   node   0: [mem 0x0000000000001000-0x000000000009efff]
[    0.000000]   node   0: [mem 0x0000000000100000-0x000000003ffeffff]
[    0.000000] Initmem setup node 0 [mem 0x0000000000001000-0x000000003ffeffff]
[    0.000000] ACPI: PM-Timer IO Port: 0x4008
[    0.000000] IOAPIC[0]: apic_id 1, version 32, address 0xfec00000, GSI 0-23
[    0.000000] ACPI: INT_SRC_OVR (bus 0 bus_irq 0 global_irq 2 dfl dfl)
[    0.000000] ACPI: INT_SRC_OVR (bus 0 bus_irq 9 global_irq 9 low level)
[    0.000000] Using ACPI (MADT) for SMP configuration information
[    0.000000] smpboot: Allowing 1 CPUs, 0 hotplug CPUs
[    0.000000] PM: Registered nosave memory: [mem 0x00000000-0x00000fff]
[    0.000000] PM: Registered nosave memory: [mem 0x0009f000-0x0009ffff]
[    0.000000] PM: Registered nosave memory: [mem 0x000a0000-0x000effff]
[    0.000000] PM: Registered nosave memory: [mem 0x000f0000-0x000fffff]
[    0.000000] e820: [mem 0x40000000-0xfebfffff] available for PCI devices
[    0.000000] Booting paravirtualized kernel on KVM
[    0.000000] clocksource: refined-jiffies: mask: 0xffffffff max_cycles: 0xffffffff, max_idle_ns: 7645519600211568 ns
[    0.000000] setup_percpu: NR_CPUS:512 nr_cpumask_bits:512 nr_cpu_ids:1 nr_node_ids:1
[    0.000000] PERCPU: Embedded 33 pages/cpu @ffff88003fc00000 s95192 r8192 d31784 u2097152
[    0.000000] Built 1 zonelists in Node order, mobility grouping on.  Total pages: 257912
[    0.000000] Policy zone: DMA32
[    0.000000] Kernel command line: BOOT_IMAGE=/boot/vmlinuz-4.4.0-210-generic root=LABEL=cloudimg-rootfs ro console=tty1 console=ttyS0
[    0.000000] PID hash table entries: 4096 (order: 3, 32768 bytes)
[    0.000000] Memory: 997924K/1048120K available (8644K kernel code, 1332K rwdata, 4044K rodata, 1492K init, 1164K bss, 50196K reserved, 0K cma-reserved)
[    0.000000] SLUB: HWalign=64, Order=0-3, MinObjects=0, CPUs=1, Nodes=1
[    0.000000] Kernel/User page tables isolation: enabled
[    0.000000] Hierarchical RCU implementation.
[    0.000000] 	Build-time adjustment of leaf fanout to 64.
[    0.000000] 	RCU restricting CPUs from NR_CPUS=512 to nr_cpu_ids=1.
[    0.000000] RCU: Adjusting geometry for rcu_fanout_leaf=64, nr_cpu_ids=1
[    0.000000] NR_IRQS:33024 nr_irqs:256 16
[    0.000000] Console: colour VGA+ 80x25
[    0.000000] console [tty1] enabled
[    0.000000] console [ttyS0] enabled
[    0.000000] tsc: Detected 1696.148 MHz processor
[    0.226599] Calibrating delay loop (skipped) preset value.. 3392.29 BogoMIPS (lpj=6784592)
[    0.229840] pid_max: default: 32768 minimum: 301
[    0.231478] ACPI: Core revision 20150930
[    0.234205] ACPI: 2 ACPI AML tables successfully acquired and loaded
[    0.236558] Security Framework initialized
[    0.238082] Yama: becoming mindful.
[    0.239451] AppArmor: AppArmor initialized
[    0.241080] Dentry cache hash table entries: 131072 (order: 8, 1048576 bytes)
[    0.244600] Inode-cache hash table entries: 65536 (order: 7, 524288 bytes)
[    0.247128] Mount-cache hash table entries: 2048 (order: 2, 16384 bytes)
[    0.249423] Mountpoint-cache hash table entries: 2048 (order: 2, 16384 bytes)
[    0.252062] Initializing cgroup subsys io
[    0.253566] Initializing cgroup subsys memory
[    0.255241] Initializing cgroup subsys devices
[    0.256834] Initializing cgroup subsys freezer
[    0.258556] Initializing cgroup subsys net_cls
[    0.260204] Initializing cgroup subsys perf_event
[    0.261984] Initializing cgroup subsys net_prio
[    0.263636] Initializing cgroup subsys hugetlb
[    0.265286] Initializing cgroup subsys pids
[    0.267349] mce: CPU supports 0 MCE banks
[    0.268894] process: using mwait in idle threads
[    0.270657] Last level iTLB entries: 4KB 512, 2MB 8, 4MB 8
[    0.272672] Last level dTLB entries: 4KB 512, 2MB 32, 4MB 32, 1GB 0
[    0.274836] Spectre V1 : Mitigation: usercopy/swapgs barriers and __user pointer sanitization
[    0.278512] Spectre V2 : Mitigation: Full generic retpoline
[    0.280918] Spectre V2 : Spectre v2 / SpectreRSB mitigation: Filling RSB on context switch
[    0.284158] Speculative Store Bypass: Vulnerable
[    0.286277] SRBDS: Unknown: Dependent on hypervisor status
[    0.288776] MDS: Mitigation: Clear CPU buffers
[    0.331063] Freeing SMP alternatives memory: 36K
[    0.341373] ftrace: allocating 32380 entries in 127 pages
[    0.420676] smpboot: APIC(0) Converting physical 0 to logical package 0
[    0.423264] smpboot: Max logical packages: 1
[    0.425247] x2apic enabled
[    0.426577] Switched APIC routing to physical x2apic.
[    0.429609] ..TIMER: vector=0x30 apic1=0 pin1=2 apic2=-1 pin2=-1
[    0.539536] smpboot: CPU0: Intel(R) Core(TM) i5-3317U CPU @ 1.70GHz (family: 0x6, model: 0x3a, stepping: 0x9)
[    0.542892] Performance Events: unsupported p6 CPU model 58 no PMU driver, software events only.
[    0.561139] KVM setup paravirtual spinlock
[    0.563367] x86: Booted up 1 node, 1 CPUs
[    0.564734] smpboot: Total of 1 processors activated (3392.29 BogoMIPS)
[    0.567137] devtmpfs: initialized
[    0.570396] evm: security.selinux
[    0.571546] evm: security.SMACK64
[    0.572752] evm: security.SMACK64EXEC
[    0.574002] evm: security.SMACK64TRANSMUTE
[    0.575424] evm: security.SMACK64MMAP
[    0.576779] evm: security.ima
[    0.577844] evm: security.capability
[    0.579225] clocksource: jiffies: mask: 0xffffffff max_cycles: 0xffffffff, max_idle_ns: 7645041785100000 ns
[    0.582392] futex hash table entries: 256 (order: 2, 16384 bytes)
[    0.584362] pinctrl core: initialized pinctrl subsystem
[    0.586109] RTC time: 12:30:06, date: 08/24/22
[    0.587714] NET: Registered protocol family 16
[    0.589398] cpuidle: using governor ladder
[    0.590795] cpuidle: using governor menu
[    0.592510] PCCT header not found.
[    0.594020] ACPI: bus type PCI registered
[    0.595584] acpiphp: ACPI Hot Plug PCI Controller Driver version: 0.5
[    0.597818] PCI: Using configuration type 1 for base access
[    0.601134] ACPI: Added _OSI(Module Device)
[    0.602593] ACPI: Added _OSI(Processor Device)
[    0.604068] ACPI: Added _OSI(3.0 _SCP Extensions)
[    0.605602] ACPI: Added _OSI(Processor Aggregator Device)
[    0.607932] ACPI: Executed 1 blocks of module-level executable AML code
[    0.614581] ACPI: Interpreter enabled
[    0.615829] ACPI: (supports S0 S5)
[    0.617140] ACPI: Using IOAPIC for interrupt routing
[    0.618976] PCI: Using host bridge windows from ACPI; if necessary, use "pci=nocrs" and report a bug
[    0.626252] ACPI: PCI Root Bridge [PCI0] (domain 0000 [bus 00-ff])
[    0.628154] acpi PNP0A03:00: _OSC: OS supports [ASPM ClockPM Segments MSI]
[    0.630938] acpi PNP0A03:00: _OSC: not requesting OS control; OS requires [ExtendedConfig ASPM ClockPM MSI]
[    0.634461] acpi PNP0A03:00: fail to add MMCONFIG information, can't access extended PCI configuration space under this bridge.
[    0.638368] PCI host bridge to bus 0000:00
[    0.639688] pci_bus 0000:00: root bus resource [io  0x0000-0x0cf7 window]
[    0.641750] pci_bus 0000:00: root bus resource [io  0x0d00-0xffff window]
[    0.643865] pci_bus 0000:00: root bus resource [mem 0x000a0000-0x000bffff window]
[    0.646442] pci_bus 0000:00: root bus resource [mem 0x40000000-0xfdffffff window]
[    0.648915] pci_bus 0000:00: root bus resource [bus 00-ff]
[    0.652761] pci 0000:00:01.1: legacy IDE quirk: reg 0x10: [io  0x01f0-0x01f7]
[    0.654810] pci 0000:00:01.1: legacy IDE quirk: reg 0x14: [io  0x03f6]
[    0.656797] pci 0000:00:01.1: legacy IDE quirk: reg 0x18: [io  0x0170-0x0177]
[    0.658946] pci 0000:00:01.1: legacy IDE quirk: reg 0x1c: [io  0x0376]
[    0.691194] pci 0000:00:07.0: quirk: [io  0x4000-0x403f] claimed by PIIX4 ACPI
[    0.697665] pci 0000:00:07.0: quirk: [io  0x4100-0x410f] claimed by PIIX4 SMB
[    0.714277] ACPI: PCI Interrupt Link [LNKA] (IRQs 5 9 10 *11)
[    0.717293] ACPI: PCI Interrupt Link [LNKB] (IRQs 5 9 *10 11)
[    0.720076] ACPI: PCI Interrupt Link [LNKC] (IRQs 5 *9 10 11)
[    0.722936] ACPI: PCI Interrupt Link [LNKD] (IRQs 5 9 10 *11)
[    0.725822] ACPI: Enabled 2 GPEs in block 00 to 07
[    0.728035] vgaarb: setting as boot device: PCI:0000:00:02.0
[    0.730105] vgaarb: device added: PCI:0000:00:02.0,decodes=io+mem,owns=io+mem,locks=none
[    0.733312] vgaarb: loaded
[    0.734545] vgaarb: bridge control possible 0000:00:02.0
[    0.737009] SCSI subsystem initialized
[    0.740512] ACPI: bus type USB registered
[    0.742431] usbcore: registered new interface driver usbfs
[    0.744839] usbcore: registered new interface driver hub
[    0.747343] usbcore: registered new device driver usb
[    0.750097] PCI: Using ACPI for IRQ routing
[    0.752713] NetLabel: Initializing
[    0.754248] NetLabel:  domain hash size = 128
[    0.756334] NetLabel:  protocols = UNLABELED CIPSOv4
[    0.758819] NetLabel:  unlabeled traffic allowed by default
[    0.761527] amd_nb: Cannot enumerate AMD northbridges
[    0.763875] clocksource: Switched to clocksource kvm-clock
[    0.777228] AppArmor: AppArmor Filesystem Enabled
[    0.779603] pnp: PnP ACPI init
[    0.783132] pnp: PnP ACPI: found 3 devices
[    0.794149] clocksource: acpi_pm: mask: 0xffffff max_cycles: 0xffffff, max_idle_ns: 2085701024 ns
[    0.797559] NET: Registered protocol family 2
[    0.799805] TCP established hash table entries: 8192 (order: 4, 65536 bytes)
[    0.802899] TCP bind hash table entries: 8192 (order: 5, 131072 bytes)
[    0.805720] TCP: Hash tables configured (established 8192 bind 8192)
[    0.809589] UDP hash table entries: 512 (order: 2, 16384 bytes)
[    0.812230] UDP-Lite hash table entries: 512 (order: 2, 16384 bytes)
[    0.815318] NET: Registered protocol family 1
[    0.817636] pci 0000:00:00.0: Limiting direct PCI/PCI transfers
[    0.820290] pci 0000:00:01.0: Activating ISA DMA hang workarounds
[    0.823271] Unpacking initramfs...
[    1.112241] Freeing initrd memory: 14888K
[    1.114146] RAPL PMU detected, API unit is 2^-32 Joules, 3 fixed counters 10737418240 ms ovfl timer
[    1.117550] hw unit of domain pp0-core 2^-0 Joules
[    1.119350] hw unit of domain package 2^-0 Joules
[    1.122452] hw unit of domain pp1-gpu 2^-0 Joules
[    1.124748] clocksource: tsc: mask: 0xffffffffffffffff max_cycles: 0x1872f08aba0, max_idle_ns: 440795286029 ns
[    1.128371] platform rtc_cmos: registered platform RTC device (no PNP device found)
[    1.131279] Scanning for low memory corruption every 60 seconds
[    1.133771] audit: initializing netlink subsys (disabled)
[    1.135721] audit: type=2000 audit(1661344212.012:1): initialized
[    1.138318] Initialise system trusted keyring
[    1.140028] HugeTLB registered 2 MB page size, pre-allocated 0 pages
[    1.143811] zbud: loaded
[    1.145299] VFS: Disk quotas dquot_6.6.0
[    1.146793] VFS: Dquot-cache hash table entries: 512 (order 0, 4096 bytes)
[    1.150357] squashfs: version 4.0 (2009/01/31) Phillip Lougher
[    1.152844] fuse init (API version 7.23)
[    1.154574] Key type big_key registered
[    1.156101] Allocating IMA MOK and blacklist keyrings.
[    1.158433] Key type asymmetric registered
[    1.160051] Asymmetric key parser 'x509' registered
[    1.161932] Block layer SCSI generic (bsg) driver version 0.4 loaded (major 249)
[    1.164838] io scheduler noop registered
[    1.166392] io scheduler deadline registered (default)
[    1.168331] io scheduler cfq registered
[    1.170067] pci_hotplug: PCI Hot Plug PCI Core version: 0.5
[    1.172227] pciehp: PCI Express Hot Plug Controller Driver version: 0.4
[    1.174853] ACPI: AC Adapter [AC] (on-line)
[    1.176629] input: Power Button as /devices/LNXSYSTM:00/LNXPWRBN:00/input/input0
[    1.179579] ACPI: Power Button [PWRF]
[    1.181177] input: Sleep Button as /devices/LNXSYSTM:00/LNXSLPBN:00/input/input1
[    1.184058] ACPI: Sleep Button [SLPF]
[    1.186541] ACPI: Battery Slot [BAT0] (battery present)
[    1.188620] GHES: HEST is not enabled!
[    1.190264] Serial: 8250/16550 driver, 32 ports, IRQ sharing enabled
[    1.213694] 00:02: ttyS0 at I/O 0x3f8 (irq = 4, base_baud = 115200) is a 16550A
[    1.219317] Linux agpgart interface v0.103
[    1.223179] loop: module loaded
[    1.225653] scsi host0: ata_piix
[    1.227285] scsi host1: ata_piix
[    1.228940] ata1: PATA max UDMA/33 cmd 0x1f0 ctl 0x3f6 bmdma 0xd000 irq 14
[    1.231716] ata2: PATA max UDMA/33 cmd 0x170 ctl 0x376 bmdma 0xd008 irq 15
[    1.235224] libphy: Fixed MDIO Bus: probed
[    1.237013] tun: Universal TUN/TAP device driver, 1.6
[    1.239014] tun: (C) 1999-2004 Max Krasnyansky <maxk@qualcomm.com>
[    1.241667] PPP generic driver version 2.4.2
[    1.243654] ehci_hcd: USB 2.0 'Enhanced' Host Controller (EHCI) Driver
[    1.246364] ehci-pci: EHCI PCI platform driver
[    1.248320] ehci-platform: EHCI generic platform driver
[    1.250553] ohci_hcd: USB 1.1 'Open' Host Controller (OHCI) Driver
[    1.252962] ohci-pci: OHCI PCI platform driver
[    1.254889] ohci-platform: OHCI generic platform driver
[    1.256960] uhci_hcd: USB Universal Host Controller Interface driver
[    1.259659] i8042: PNP: PS/2 Controller [PNP0303:PS2K,PNP0f03:PS2M] at 0x60,0x64 irq 1,12
[    1.263804] serio: i8042 KBD port at 0x60,0x64 irq 1
[    1.266110] serio: i8042 AUX port at 0x60,0x64 irq 12
[    1.268544] mousedev: PS/2 mouse device common for all mice
[    1.271563] input: AT Translated Set 2 keyboard as /devices/platform/i8042/serio0/input/input2
[    1.276077] rtc_cmos rtc_cmos: rtc core: registered rtc_cmos as rtc0
[    1.281163] rtc_cmos rtc_cmos: alarms up to one day, 114 bytes nvram
[    1.284502] i2c /dev entries driver
[    1.287118] device-mapper: uevent: version 1.0.3
[    1.289810] device-mapper: ioctl: 4.34.0-ioctl (2015-10-28) initialised: dm-devel@redhat.com
[    1.293713] ledtrig-cpu: registered to indicate activity on CPUs
[    1.297197] NET: Registered protocol family 10
[    1.299652] NET: Registered protocol family 17
[    1.301896] Key type dns_resolver registered
[    1.304614] registered taskstats version 1
[    1.306633] Loading compiled-in X.509 certificates
[    1.310194] Loaded X.509 cert 'Build time autogenerated kernel key: cf00e047681d67edb2720680708b7d9498083038'
[    1.314774] zswap: loaded using pool lzo/zbud
[    1.319952] Key type trusted registered
[    1.327439] Key type encrypted registered
[    1.329599] AppArmor: AppArmor sha1 policy hashing enabled
[    1.332042] ima: No TPM chip found, activating TPM-bypass!
[    1.334475] ima: Allocated hash algorithm: sha1
[    1.336540] evm: HMAC attrs: 0x1
[    1.338776]   Magic number: 2:566:532
[    1.340787] tty ttyS12: hash matches
[    1.342645] rtc_cmos rtc_cmos: setting system clock to 2022-08-24 12:30:07 UTC (1661344207)
[    1.347109] BIOS EDD facility v0.16 2004-Jun-25, 0 devices found
[    1.349781] EDD information not available.
[    1.413252] Freeing unused kernel memory: 1492K
[    1.414919] Write protecting the kernel read-only data: 14336k
[    1.417432] Freeing unused kernel memory: 1584K
[    1.419289] Freeing unused kernel memory: 52K
Loading, please wait...
starting version 229
[    1.437831] random: udevadm: uninitialized urandom read (16 bytes read, 2 bits of entropy available)
[    1.441855] random: systemd-udevd: uninitialized urandom read (16 bytes read, 2 bits of entropy available)
[    1.445491] random: systemd-udevd: uninitialized urandom read (16 bytes read, 2 bits of entropy available)
[    1.448973] random: udevadm: uninitialized urandom read (16 bytes read, 2 bits of entropy available)
[    1.452772] random: systemd-udevd: uninitialized urandom read (16 bytes read, 2 bits of entropy available)
[    1.456303] random: systemd-udevd: uninitialized urandom read (16 bytes read, 2 bits of entropy available)
[    1.472313] random: systemd-udevd: uninitialized urandom read (16 bytes read, 2 bits of entropy available)
[    1.477613] random: udevadm: uninitialized urandom read (16 bytes read, 2 bits of entropy available)
[    1.481103] random: systemd-udevd: uninitialized urandom read (16 bytes read, 2 bits of entropy available)
[    1.484579] random: systemd-udevd: uninitialized urandom read (16 bytes read, 2 bits of entropy available)
[    1.584707] e1000: Intel(R) PRO/1000 Network Driver - version 7.3.21-k8-NAPI
[    1.587312] e1000: Copyright (c) 1999-2006 Intel Corporation.
[    1.595648] Fusion MPT base driver 3.04.20
[    1.597251] Copyright (c) 1999-2008 LSI Corporation
[    1.621608] Fusion MPT SPI Host driver 3.04.20
[    1.672947] AVX version of gcm_enc/dec engaged.
[    1.674870] AES CTR mode by8 optimization enabled
[    1.813741] input: ImExPS/2 Generic Explorer Mouse as /devices/platform/i8042/serio1/input/input4
[    2.073959] e1000 0000:00:03.0 eth0: (PCI:33MHz:32-bit) 02:be:82:6b:cc:1d
[    2.076522] e1000 0000:00:03.0 eth0: Intel(R) PRO/1000 Network Connection
[    2.079523] mptbase: ioc0: Initiating bringup
[    2.144392] ioc0: LSI53C1030 A0: Capabilities={Initiator}
[    2.308522] scsi host2: ioc0: LSI53C1030 A0, FwRev=00000000h, Ports=1, MaxQ=256, IRQ=20
[    2.432362] scsi 2:0:0:0: Direct-Access     VBOX     HARDDISK         1.0  PQ: 0 ANSI: 5
[    2.444297] scsi target2:0:0: Beginning Domain Validation
[    2.454260] scsi target2:0:0: Domain Validation skipping write tests
[    2.461763] scsi target2:0:0: Ending Domain Validation
[    2.482168] scsi target2:0:0: asynchronous
[    2.509888] scsi 2:0:1:0: Direct-Access     VBOX     HARDDISK         1.0  PQ: 0 ANSI: 5
[    2.555725] scsi target2:0:1: Beginning Domain Validation
[    2.619987] scsi target2:0:1: Domain Validation skipping write tests
[    2.622039] scsi target2:0:1: Ending Domain Validation
[    2.624136] scsi target2:0:1: asynchronous
[    2.760728] sd 2:0:0:0: Attached scsi generic sg0 type 0
[    2.762728] sd 2:0:0:0: [sda] 83886080 512-byte logical blocks: (42.9 GB/40.0 GiB)
[    2.765826] sd 2:0:1:0: [sdb] 20480 512-byte logical blocks: (10.5 MB/10.0 MiB)
[    2.768654] sd 2:0:1:0: Attached scsi generic sg1 type 0
[    2.770716] sd 2:0:1:0: [sdb] Write Protect is off
[    2.772540] sd 2:0:0:0: [sda] Write Protect is off
[    2.774334] sd 2:0:0:0: [sda] Incomplete mode parameter data
[    2.776350] sd 2:0:0:0: [sda] Assuming drive cache: write through
[    2.778559] sd 2:0:1:0: [sdb] Incomplete mode parameter data
[    2.780687] sd 2:0:1:0: [sdb] Assuming drive cache: write through
[    2.849840]  sda: sda1
[    2.856639] sd 2:0:0:0: [sda] Attached SCSI disk
[    2.860190] sd 2:0:1:0: [sdb] Attached SCSI disk
[    2.898058] e1000 0000:00:08.0 eth1: (PCI:33MHz:32-bit) 08:00:27:47:6d:d3
[    2.900409] e1000 0000:00:08.0 eth1: Intel(R) PRO/1000 Network Connection
[    2.906214] e1000 0000:00:08.0 enp0s8: renamed from eth1
[    2.910395] e1000 0000:00:03.0 enp0s3: renamed from eth0
Begin: Loading essential drivers ... [    4.436587] md: linear personality registered for level -1
[    4.442928] md: multipath personality registered for level -4
[    4.449864] md: raid0 personality registered for level 0
[    4.457732] md: raid1 personality registered for level 1
[    4.538605] raid6: sse2x1   gen()  5991 MB/s
[    4.618651] raid6: sse2x1   xor()  4813 MB/s
[    4.708269] raid6: sse2x2   gen()  9099 MB/s
[    4.788858] raid6: sse2x2   xor()  5344 MB/s
[    4.883385] raid6: sse2x4   gen() 11002 MB/s
[    4.979419] raid6: sse2x4   xor()  8319 MB/s
[    4.981074] raid6: using algorithm sse2x4 gen() 11002 MB/s
[    4.982956] raid6: .... xor() 8319 MB/s, rmw enabled
[    4.984825] raid6: using ssse3x2 recovery algorithm
[    4.989641] xor: automatically using best checksumming function:
[    5.118522]    avx       : 58146.000 MB/sec
[    5.123363] async_tx: api initialized (async)
[    5.145969] md: raid6 personality registered for level 6
[    5.148005] md: raid5 personality registered for level 5
[    5.149919] md: raid4 personality registered for level 4
[    5.160993] md: raid10 personality registered for level 10
done.
Begin: Running /scripts/init-premount ... done.
Begin: Mounting root file system ... Begin: Running /scripts/local-top ... done.
Begin: Running /scripts/local-premount ... [    5.213989] Btrfs loaded
Scanning for Btrfs filesystems
done.
Warning: fsck not present, so skipping root file system
[    5.288028] EXT4-fs (sda1): mounted filesystem with ordered data mode. Opts: (null)
done.
Begin: Running /scripts/local-bottom ... done.
Begin: Running /scripts/init-bottom ... done.
[    6.232742] systemd[1]: systemd 229 running in system mode. (+PAM +AUDIT +SELINUX +IMA +APPARMOR +SMACK +SYSVINIT +UTMP +LIBCRYPTSETUP +GCRYPT +GNUTLS +ACL +XZ -LZ4 +SECCOMP +BLKID +ELFUTILS +KMOD -IDN)
[    6.253971] systemd[1]: Detected virtualization oracle.
[    6.260410] systemd[1]: Detected architecture x86-64.

Welcome to [1mUbuntu 16.04.7 LTS[0m!

[    6.324908] systemd[1]: Set hostname to <ubuntu>.
[    6.388779] systemd[1]: Initializing machine ID from random generator.
[    6.393139] systemd[1]: Installed transient /etc/machine-id file.
[    6.547261] random: nonblocking pool is initialized
[    7.829490] systemd[1]: Reached target Swap.
[[0;32m  OK  [0m] Reached target Swap.
[    7.838564] systemd[1]: Listening on udev Control Socket.
[[0;32m  OK  [0m] Listening on udev Control Socket.
[    7.849981] systemd[1]: Created slice System Slice.
[[0;32m  OK  [0m] Created slice System Slice.
[    7.861047] systemd[1]: Listening on LVM2 metadata daemon socket.
[[0;32m  OK  [0m] Listening on LVM2 metadata daemon socket.
[    7.872353] systemd[1]: Listening on Journal Socket.
[[0;32m  OK  [0m] Listening on Journal Socket.
[    7.881352] systemd[1]: Listening on udev Kernel Socket.
[[0;32m  OK  [0m] Listening on udev Kernel Socket.
[    7.888504] systemd[1]: Starting Uncomplicated firewall...
         Starting Uncomplicated firewall...
[    7.895236] systemd[1]: Started Forward Password Requests to Wall Directory Watch.
[[0;32m  OK  [0m] Started Forward Password Requests to Wall Directory Watch.
[    7.903321] systemd[1]: Reached target Encrypted Volumes.
[[0;32m  OK  [0m] Reached target Encrypted Volumes.
[    7.911563] systemd[1]: Started Trigger resolvconf update for networkd DNS.
[[0;32m  OK  [0m] Started Trigger resolvconf update for networkd DNS.
[    7.990791] systemd[1]: Starting Load Kernel Modules...
         Starting Load Kernel Modules...
[    8.007857] systemd[1]: Created slice User and Session Slice.
[[0;32m  OK  [0m] Created slice User and Session Slice.
[    8.022302] systemd[1]: Starting Set console keymap...
         Starting Set console keymap...
[    8.035073] systemd[1]: Mounting POSIX Message Queue File System...
         Mounting POSIX Message Queue File System...
[    8.045379] systemd[1]: Listening on Journal Audit Socket.
[[0;32m  OK  [0m] Listening on Journal Audit Socket.
[    8.055564] systemd[1]: Mounting Debug File System...
         Mounting Debug File System...
[    8.059828] systemd[1]: Listening on fsck to fsckd communication Socket.
[[0;32m  OK  [0m] Listening on fsck to fsckd communication Socket.
[    8.066594] systemd[1]: Starting File System Check on Root Device...
         Starting File System Check on Root Device...
[    8.072294] systemd[1]: Starting Create list of required static device nodes for the current kernel...
         Starting Create list of required st... nodes for the current kernel...
[    8.079444] systemd[1]: Listening on Device-mapper event daemon FIFOs.
[[0;32m  OK  [0m] Listening on Device-mapper event daemon FIFOs.
[    8.090909] systemd[1]: Starting Monitoring of LVM2 mirrors, snapshots etc. using dmeventd or progress polling...
         Starting Monitoring of LVM2 mirrors... dmeventd or progress polling...
[    8.098663] systemd[1]: Listening on LVM2 poll daemon socket.
[[0;32m  OK  [0m] Listening on LVM2 poll daemon socket.
[    8.103818] systemd[1]: Listening on Syslog Socket.
[[0;32m  OK  [0m] Listening on Syslog Socket.
[    8.108871] systemd[1]: Set up automount Arbitrary Executable File Formats File System Automount Point.
[[0;32m  OK  [0m] Set up automount Arbitrary Executab...ats File System Automount Point.
[    8.115363] systemd[1]: Created slice system-serial\x2dgetty.slice.
[[0;32m  OK  [0m] Created slice system-serial\x2dgetty.slice.
[    8.120341] systemd[1]: Reached target Slices.
[[0;32m  OK  [0m] Reached target Slices.
[    8.125149] systemd[1]: Mounting Huge Pages File System...
         Mounting Huge Pages File System...
[    8.133098] systemd[1]: Starting Nameserver information manager...
         Starting Nameserver information manager...
[    8.139481] systemd[1]: Reached target User and Group Name Lookups.
[[0;32m  OK  [0m] Reached target User and Group Name Lookups.
[    8.231242] systemd[1]: Reached target System Time Synchronized.
[[0;32m  OK  [0m] Reached target System Time Synchronized.
[    8.240748] systemd[1]: Listening on Journal Socket (/dev/log).
[[0;32m  OK  [0m] Listening on Journal Socket (/dev/log).
[    8.251357] systemd[1]: Starting Journal Service...
         Starting Journal Service...
[    8.262366] systemd[1]: Listening on /dev/initctl Compatibility Named Pipe.
[    8.276357] Loading iSCSI transport class v2.0-870.
[[0;32m  OK  [0m] Listening on /dev/initctl Compatibility Named Pipe.
[    8.292148] systemd[1]: Mounted Huge Pages File System.
[[0;32m  OK  [0m] Mounted Huge Pages File System.
[    8.301634] systemd[1]: Mounted POSIX Message Queue File System.
[[0;32m  OK  [0m] Mounted POSIX Message Queue File System.
[    8.310428] systemd[1]: Mounted Debug File System.
[[0;32m  OK  [0m] Mounted Debug File System.
[    8.314372] systemd[1]: Started Uncomplicated firewall.
[[0;32m  OK  [0m] Started Uncomplicated firewall.
[    8.318503] systemd[1]: Started Create list of required static device nodes for the current kernel.
[[0;32m  OK  [0m] Started Create list of required sta...ce nodes for the current kernel.
[    8.331719] systemd[1]: Started File System Check Daemon to report status.
[[0;32m  OK  [0m] Started File System Check Daemon to report status.
[    8.340794] systemd[1]: Starting Create Static Device Nodes in /dev...
         Starting Create Static Device Nodes in /dev...
[    8.356862] iscsi: registered transport (tcp)
[    8.402606] systemd[1]: Started Nameserver information manager.
[[0;32m  OK  [0m] Started Nameserver information manager.
[    8.505033] systemd[1]: Started File System Check on Root Device.
[[0;32m  OK  [0m] Started File System Check on Root Device.
[    8.518817] systemd[1]: Starting Remount Root and Kernel File Systems...
         Starting Remount Root and Kernel File Systems...
[    8.533473] systemd[1]: Started Set console keymap.
[[0;32m  OK  [0m] Started Set console keymap.
[    8.588239] EXT4-fs (sda1): re-mounted. Opts: (null)
[    8.591835] systemd[1]: Started Remount Root and Kernel File Systems.
[[0;32m  OK  [0m] Started Remount Root and Kernel File Systems.
[    8.602039] systemd[1]: Starting Load/Save Random Seed...
         Starting Load/Save Random Seed...
[    8.818831] systemd[1]: Starting udev Coldplug all Devices...
         Starting udev Coldplug all Devices...
[    8.834778] systemd[1]: Started Journal Service.
[[0;32m  OK  [0m] Started Journal Service.
[[0;32m  OK  [0m] Started Load/Save Random Seed.
[[0;32m  OK  [0m] Started LVM2 metadata daemon.
         Starting Flush Journal to Persistent Storage...
[    8.908435] iscsi: registered transport (iser)
[[0;32m  OK  [0m] Started Load Kernel Modules.
         Starting Apply Kernel Variables...
         Mounting FUSE Control File System...
[[0;32m  OK  [0m] Mounted FUSE Control File System.
[    8.946079] systemd-journald[391]: Received request to flush runtime journal from PID 1
[[0;32m  OK  [0m] Started udev Coldplug all Devices.
[[0;32m  OK  [0m] Started Flush Journal to Persistent Storage.
[[0;32m  OK  [0m] Started Apply Kernel Variables.
[[0;32m  OK  [0m] Started Create Static Device Nodes in /dev.
         Starting udev Kernel Device Manager...
[[0;32m  OK  [0m] Started Monitoring of LVM2 mirrors,...ng dmeventd or progress polling.
[[0;32m  OK  [0m] Reached target Local File Systems (Pre).
[[0;32m  OK  [0m] Reached target Local File Systems.
         Starting Create Volatile Files and Directories...
         Starting Tell Plymouth To Write Out Runtime Data...
         Starting Commit a transient machine-id on disk...
         Starting Initial cloud-init job (pre-networking)...
         Starting Set console font and keymap...
         Starting LSB: AppArmor initialization...
[[0;32m  OK  [0m] Started Commit a transient machine-id on disk.
[[0;32m  OK  [0m] Started Tell Plymouth To Write Out Runtime Data.
[[0;32m  OK  [0m] Started Create Volatile Files and Directories.
         Starting Update UTMP about System Boot/Shutdown...
[[0;32m  OK  [0m] Started Update UTMP about System Boot/Shutdown.
[[0;32m  OK  [0m] Started udev Kernel Device Manager.
[[0;32m  OK  [0m] Started Dispatch Password Requests to Console Directory Watch.
[[0;32m  OK  [0m] Found device /dev/ttyS0.
[[0;32m  OK  [0m] Started Set console font and keymap.
[[0;32m  OK  [0m] Created slice system-getty.slice.
[[0;32m  OK  [0m] Listening on Load/Save RF Kill Switch Status /dev/rfkill Watch.
[[0;32m  OK  [0m] Started LSB: AppArmor initialization.
         Starting Load AppArmor profiles managed internally by snapd...
[[0;32m  OK  [0m] Started Load AppArmor profiles managed internally by snapd.
[   17.713246] cloud-init[485]: Cloud-init v. 21.1-19-gbad84ad4-0ubuntu1~16.04.2 running 'init-local' at Wed, 24 Aug 2022 12:30:23 +0000. Up 16.81 seconds.
[[0;32m  OK  [0m] Started Initial cloud-init job (pre-networking).
[[0;32m  OK  [0m] Reached target Network (Pre).
         Starting Raise network interfaces...
[[0;32m  OK  [0m] Started Raise network interfaces.
         Starting Initial cloud-init job (metadata service crawler)...
[[0;32m  OK  [0m] Reached target Network.
[   20.909922] cloud-init[965]: Cloud-init v. 21.1-19-gbad84ad4-0ubuntu1~16.04.2 running 'init' at Wed, 24 Aug 2022 12:30:25 +0000. Up 18.60 seconds.
[   20.913179] cloud-init[965]: ci-info: ++++++++++++++++++++++++++++++++++++++Net device info+++++++++++++++++++++++++++++++++++++++
[   20.916594] cloud-init[965]: ci-info: +--------+-------+----------------------------+---------------+--------+-------------------+
[   20.936269] cloud-init[965]: ci-info: | Device |   Up  |          Address           |      Mask     | Scope  |     Hw-Address    |
[   20.939074] cloud-init[965]: ci-info: +--------+-------+----------------------------+---------------+--------+-------------------+
[   20.974085] cloud-init[965]: ci-info: | enp0s3 |  True |         10.0.2.15          | 255.255.255.0 | global | 02:be:82:6b:cc:1d |
[   20.976896] cloud-init[965]: ci-info: | enp0s3 |  True | fe80::be:82ff:fe6b:cc1d/64 |       .       |  link  | 02:be:82:6b:cc:1d |
[   20.979800] cloud-init[965]: ci-info: | enp0s8 | False |             .              |       .       |   .    | 08:00:27:47:6d:d3 |
[   20.984897] cloud-init[965]: ci-info: |   lo   |  True |         127.0.0.1          |   255.0.0.0   |  host  |         .         |
[   20.989979] cloud-init[965]: ci-info: |   lo   |  True |          ::1/128           |       .       |  host  |         .         |
[[0;32m  OK  [0m] Started Initial cloud-init job (metadata service crawler).
[[0;32m  OK  [0m] Reached target System Initialization.[   20.997017] cloud-init[965]: ci-info: +--------+-------+----------------------------+---------------+--------+-------------------+
[   21.000004] 
[[0;32m  OK  [0m] Started Ubuntu Advantage update messaging.
cloud-init[965]: ci-info: +++++++++++++++++++++++++++Route IPv4 info++++++++++++++++++++++++++++
[   21.005455] cloud-init[965]: ci-info: +-------+-------------+----------+---------------+-----------+-------+
[   21.008215] cloud-init[965]: ci-info: | Route | Destination | Gateway  |    Genmask    | Interface | Flags |
[   21.010733] cloud-init[965]: ci-info: +-------+-------------+----------+---------------+-----------+-------+
[   21.013218] cloud-init[965]: ci-info: |   0   |   0.0.0.0   | 10.0.2.2 |    0.0.0.0    |   enp0s3  |   UG  |
[   21.015654] cloud-init[965]:          Starting LXD - unix socket.
[[0;32m  OK  [0m] Started Daily apt download activities.
         ci-info: |   1   |   10.0.2.0  | 0.0.0.0  | 255.255.255.0 |   enp0s3  |   U   |
[   21.021927] cloud-init[965]: ci-info: +-------+-------------+----------+---------------+-----------+-------+Starting Socket activation for snappy daemon.
[[0;32m  OK  [0m] Started Message of the Day.
[[0;32m  OK  [0m
[   21.028481] cloud-init[965]: ci-info: +++++++++++++++++++Route IPv6 info+++++++++++++++++++
[   21.030420] cloud-init[965]: ci-info: +-------+-------------+---------+-----------+-------+
] Started Daily apt upgrade and clean activities.
[[0;32m  OK  [0m] Listening on D-Bus System Message Bus Socket.
[[0;32m  OK  [0m] Listening on ACPID Listen Socket.
[[   21.036541] cloud-init[965]: ci-info: | Route | Destination | Gateway | Interface | Flags |
[   21.038840] cloud-init[965]: ci-info: +-------+-------------+---------+-----------+-------+[0;32m  OK  [0m] Listening on UUID daemon activation socket.
[[0;32m  OK  [0m] Started Daily Cleanup of Temporary Directories.
[[0;32m  OK  [0m] Reached target Timers.

[   21.044929] cloud-init[965]: ci-info: |   0   |  fe80::/64  |    ::   |   enp0s3  |   U   |
[   21.047481] cloud-init[965]: ci-info: |   3   |   ff00::/8  |    ::   |   enp0s3  |   U   |
[   21.050014] cloud-init[965]: ci-info: +-------+-------------+---------+-----------+-------+
[   21.052558] cloud-init[965]: Generating public/private rsa key pair.
[   21.054580] cloud-init[965]: Your identification has been saved in /etc/ssh/ssh_host_rsa_key.
[   21.057185] cloud-init[965]: Your public key has been saved in /etc/ssh/ssh_host_rsa_key.pub.
[   21.059689] cloud-init[965]: The key fingerprint is:
[   21.061474] cloud-init[965]: SHA256:ke6czVuI9RQbYa0zAzOG8Vn9doirxfYj+bx9tcEB2+I root@ubuntu-xenial
[[0;32m  OK  [0m] [   21.068216] cloud-init[965]: The key's randomart image is:
[   21.069739] cloud-init[965]: +---[RSA 2048]----+
[   21.071082] cloud-init[965]: |        .o  +o   |Started ACPI Events Check.
[[0;32m  OK  [0m] Reached target Paths.
[[0;32m  OK  [0m] Reached target Cloud-config availability.
[[0;32m  OK  [0m
[   21.076421] cloud-init[965]: |        .o=+ oo  |
[   21.077763] cloud-init[965]: |        o.o+oo+o |
[   21.079136] cloud-init[965]: |       . .  **.o+|] Reached target Network is Online.
         Starting iSCSI initiator daemon (iscsid)...

[   21.085333] cloud-init[965]: |        S ..+=o.o|
[[0;32m  OK  [0m] Listening on LXD - unix socket.[   21.089668] cloud-init[965]: |       o * +=E o.|
[   21.091032] cloud-init[965]: |        = ++oo  +|
[[0;32m  OK  [0m] Listening on Socket activation for snappy daemon.
[[0;32m  OK  [0m] Reached target Sockets.
[[0;32m  OK  [0m
[   21.097321] cloud-init[965]: |          .oo.oo.|
[   21.098703] cloud-init[965]: |          .  o+oo|
] Reached target Basic System.
[   21.102411] cloud-init[965]: +----[SHA256]-----+
[   21.103864] cloud-init[965]: Generating public/private dsa key pair.
[   21.105745] cloud-init[965]: Your identification has been saved in /etc/ssh/ssh_host_dsa_key.
[[0;32m  OK  [0m] Started Regular background program processing daemon.
[[0;32m  OK  [0m] Started Deferred execution scheduler.
[   21.115824] cloud-init[965]: Your public key has been saved in /etc/ssh/ssh_host_dsa_key.pub.
[   21.122407] cloud-init[965]: The key fingerprint is:
[   21.123824] cloud-init[965]: SHA256:PlKBwQp5fS25SQfx074rd5hnKQqOcxEAoHN1NNRUz14 root@ubuntu-xenial
[   21.131069] cloud-init[965]: The key's randomart image is:
[   21.133632] cloud-init[965]: +---[DSA 1024]----+
[   21.135055] cloud-init[965]: |  .oo**o+*.      |
[   21.136595] cloud-init[965]: | .o...++*.o+     |
[   21.138084] cloud-init[965]: |o .o ..+.=o + E  |[[0;32m  OK  [0m] Started ACPI event daemon.
         Starting LSB: MD monitoring daemon...

[   21.144831] cloud-init[965]: | o  .   +. + .   |
[   21.147206] cloud-init[965]: |        S.  o    |         Starting LSB: Record successful boot for GRUB...

[   21.157999] cloud-init[965]: |       o.    .   |
[   21.160778] cloud-init[965]: |      . +.  .o . |
[   21.162837] cloud-init[965]: |      .+.o. =.=  |
[   21.164434] cloud-init[965]: |      .o. .+.=   |
[   21.171600] cloud-init[965]:          Starting Pollinate to seed the pseudo random number generator...
+----[SHA256]-----+
[   21.178481] cloud-init[965]: Generating public/private ecdsa key pair.         Starting Login Service...
         Starting Virtualbox guest utils...

[   21.185384] cloud-init[965]: Your identification has been saved in /etc/ssh/ssh_host_ecdsa_key.
[   21.188230] cloud-init[965]: Your public key has been saved in /etc/ssh/ssh_host_ecdsa_key.pub.
[[0;32m  OK  [0m] Started D-Bus System Message Bus.
[   21.194980] cloud-init[965]: The key fingerprint is:
[   21.200833] cloud-init[965]: SHA256:PPFrzFQDIIEa0U23v1XMNBgmzx5O4yohEnNmaPJs5JI root@ubuntu-xenial
[   21.206346] cloud-init[965]: The key's randomart image is:
[   21.208028] cloud-init[965]: +---[ECDSA 256]---+
[   21.210320] cloud-init[965]: |  .o ++.o.o ooo  |
[   21.211882] cloud-init[965]: |  . o..o . *.+ . |
[   21.213554] cloud-init[965]: |  .o* + o   O +  |
[   21.215315] cloud-init[965]: |  .O * . + * =   |
[   21.217042] cloud-init[965]: |  E * . S + =    |
[   21.218836] cloud-init[965]: |   o . . * =     |
[   21.220450] cloud-init[965]: |        . B      |
[   21.221969] cloud-init[965]: |         o       |
[   21.223483] cloud-init[965]: |                 |
[   21.225114] cloud-init[965]: +----[SHA256]-----+
[   21.226675] cloud-init[965]: Generating public/private ed25519 key pair.
[   21.228705] cloud-init[965]: Your identification has been saved in /etc/ssh/ssh_host_ed25519_key.
[   21.231078] cloud-init[965]: Your public key has been saved in /etc/ssh/ssh_host_ed25519_key.pub.
[   21.233476] cloud-init[965]: The key fingerprint is:
[   21.239605] cloud-init[965]: SHA256:5QI7XdmVqdwgl+Qs+t6kD535SlWzKndylOwX+RRBcPE root@ubuntu-xenial
[   21.242073] cloud-init[965]: The key's randomart image is:
[   21.243756] cloud-init[965]: +--[ED25519 256]--+
[   21.245344] cloud-init[965]: |           ..o+B.|
[   21.246851] cloud-init[965]: |          .=+.+ o|
[   21.248927] cloud-init[965]: |      .   =+++ oE|
[   21.250476] cloud-init[965]: |       + = .o o.*|
[   21.255813] cloud-init[965]: |      o S .   .B.|
[   21.257894] cloud-init[965]: |       . o . ++.o|
[   21.259419] cloud-init[965]: |          o.*+ +o|
[   21.261034] cloud-init[965]: |         . *o.+ .|
[   21.262579] cloud-init[965]: |          o.+..  |
[   21.264499] cloud-init[965]: +----[SHA256]-----+
         Starting Accounts Service...
         Starting Snap Daemon...
[[0;32m  OK  [0m] Started FUSE filesystem for LXC.
         Starting System Logging Service...
         Starting /etc/rc.local Compatibility...
         Starting LXD - container startup/shutdown...
[[0;32m  OK  [0m] Started Login Service.
[[0;32m  OK  [0m] Started Unattended Upgrades Shutdown.
[[0;32m  OK  [0m] Started /etc/rc.local Compatibility.
[[0;32m  OK  [0m] Started iSCSI initiator daemon (iscsid).
         Starting Login to default iSCSI targets...
[[0;32m  OK  [0m] Started LSB: MD monitoring daemon.
[[0;32m  OK  [0m] Started Login to default iSCSI targets.
[[0;32m  OK  [0m] Reached target Remote File Systems (Pre).
[[0;32m  OK  [0m] Reached target Remote File Systems.
         Starting LSB: daemon to balance interrupts for SMP systems...
         Starting LSB: Set the CPU Frequency Scaling governor to "ondemand"...
         Starting LSB: automatic crash report generation...
         Starting Permit User Sessions...
[[0;32m  OK  [0m] Started LSB: Set the CPU Frequency Scaling governor to "ondemand".
[[0;32m  OK  [0m] Started LSB: Record successful boot for GRUB.
[[0;32m  OK  [0m] Started Permit User Sessions.
         Starting Hold until boot process finishes up...
         Starting Terminate Plymouth Boot Screen...
[[0;32m  OK  [0m] Started Hold until boot process finishes up.
[[0;32m  OK  [0m] Started Getty on tty1.
         Starting Set console scheme...
[[0;32m  OK  [0m] Started Serial Getty on ttyS0.
[[0;32m  OK  [0m] Reached target Login Prompts.
[[0;32m  OK  [0m] Started LSB: automatic crash report generation.
[[0;32m  OK  [0m] Started Terminate Plymouth Boot Screen.
[[0;32m  OK  [0m] Started Set console scheme.
[[0;32m  OK  [0m] Started LSB: daemon to balance interrupts for SMP systems.
[[0;32m  OK  [0m] Started Virtualbox guest utils.
         Starting Authenticate and Authorize Users to Run Privileged Tasks...
[[0;32m  OK  [0m] Started System Logging Service.
[[0;32m  OK  [0m] Started Authenticate and Authorize Users to Run Privileged Tasks.
[[0;32m  OK  [0m] Started Accounts Service.
[[0;32m  OK  [0m] Started Pollinate to seed the pseudo random number generator.
         Starting OpenBSD Secure Shell server...
[[0;32m  OK  [0m] Started OpenBSD Secure Shell server.
[[0;32m  OK  [0m] Started LXD - container startup/shutdown.
[[0;32m  OK  [0m] Created slice User Slice of vagrant.
         Starting User Manager for UID 1000...
[[0;32m  OK  [0m] Started Session 1 of user vagrant.
[[0;32m  OK  [0m] Started User Manager for UID 1000.

Ubuntu 16.04.7 LTS ubuntu-xenial ttyS0

ubuntu-xenial login: [   36.874658] cloud-init[1724]: Generating locales (this might take a while)...
[   38.590045] cloud-init[1724]:   en_US.UTF-8... done
[   38.595115] cloud-init[1724]: Generation complete.
[   40.438434] cloud-init[1724]: Cloud-init v. 21.1-19-gbad84ad4-0ubuntu1~16.04.2 running 'modules:config' at Wed, 24 Aug 2022 12:30:42 +0000. Up 36.54 seconds.
ci-info: no authorized SSH keys fingerprints found for user ubuntu.
<14>Aug 24 12:30:47 ec2: 
<14>Aug 24 12:30:47 ec2: #############################################################
<14>Aug 24 12:30:47 ec2: -----BEGIN SSH HOST KEY FINGERPRINTS-----
<14>Aug 24 12:30:47 ec2: 1024 SHA256:PlKBwQp5fS25SQfx074rd5hnKQqOcxEAoHN1NNRUz14 root@ubuntu-xenial (DSA)
<14>Aug 24 12:30:47 ec2: 256 SHA256:PPFrzFQDIIEa0U23v1XMNBgmzx5O4yohEnNmaPJs5JI root@ubuntu-xenial (ECDSA)
<14>Aug 24 12:30:47 ec2: 256 SHA256:5QI7XdmVqdwgl+Qs+t6kD535SlWzKndylOwX+RRBcPE root@ubuntu-xenial (ED25519)
<14>Aug 24 12:30:47 ec2: 2048 SHA256:ke6czVuI9RQbYa0zAzOG8Vn9doirxfYj+bx9tcEB2+I root@ubuntu-xenial (RSA)
<14>Aug 24 12:30:47 ec2: -----END SSH HOST KEY FINGERPRINTS-----
<14>Aug 24 12:30:47 ec2: #############################################################
-----BEGIN SSH HOST KEY KEYS-----
ecdsa-sha2-nistp256 AAAAE2VjZHNhLXNoYTItbmlzdHAyNTYAAAAIbmlzdHAyNTYAAABBBOhDPePFOTaw8Szye/1vo2wo18L05t9WbdUuFLWk0qX0QAN4J0UyHldVpzCEhHjedLMVncibuFKcIvVsVKLIt0I= root@ubuntu-xenial
ssh-ed25519 AAAAC3NzaC1lZDI1NTE5AAAAIBSzbqGN58YVLtug7Ltvm7pTikEEu2XqlzOw2IStdCso root@ubuntu-xenial
ssh-rsa AAAAB3NzaC1yc2EAAAADAQABAAABAQCzlwJOs6xIBHjLwibrvryUdNCYes94/QShK9MLOBAcy88MDGfRHigtQ0pNy3sYsyuPg9WDF6lf5e+PdRffhmdk0lnw5D0bUYpwALM9KckrhxIJVEgXs4UeFANoM34VXhTHqbeBj99LWqq1ElMJ50x4fDuPyetuyswAWG6zY2OgQLo/3qiG9srnm4ltwm6puhQENj1leKcbR8PvMXkEiK+8kuFM2Htkwz7NYeqtYqkwWuvS6Vlugon/J7n9rXZr6DrjnUkKfSJ01F4uSL8jmUYlTxScS/llDip4xrw+JE8+5afau/9FHYoX3fj9dG8olxoS9Ev9Jdj9p9DPwHV9gIc3 root@ubuntu-xenial
-----END SSH HOST KEY KEYS-----
[   41.321504] cloud-init[2144]: Cloud-init v. 21.1-19-gbad84ad4-0ubuntu1~16.04.2 running 'modules:final' at Wed, 24 Aug 2022 12:30:47 +0000. Up 40.92 seconds.
[   41.340613] cloud-init[2144]: ci-info: no authorized SSH keys fingerprints found for user ubuntu.
[   41.343017] cloud-init[2144]: Cloud-init v. 21.1-19-gbad84ad4-0ubuntu1~16.04.2 finished at Wed, 24 Aug 2022 12:30:47 +0000. Datasource DataSourceNoCloud [seed=/dev/sdb][dsmode=net].  Up 41.31 seconds
